{"/home/luis/projects/desafio-interset/src/hooks/useAppDispatch.ts": {"path":"/home/luis/projects/desafio-interset/src/hooks/useAppDispatch.ts","statementMap":{"0":{"start":{"line":4,"column":30},"end":{"line":4,"column":62}},"1":{"start":{"line":4,"column":36},"end":{"line":4,"column":62}}},"fnMap":{"0":{"name":"(anonymous_0)","decl":{"start":{"line":4,"column":30},"end":{"line":4,"column":31}},"loc":{"start":{"line":4,"column":36},"end":{"line":4,"column":62}},"line":4}},"branchMap":{},"s":{"0":2,"1":42},"f":{"0":42},"b":{},"_coverageSchema":"1a1c01bbd47fc00a2c39e90264f33305004495a9","hash":"5974cb8803953cb7597f1e220d7209c666d33c6a"}
,"/home/luis/projects/desafio-interset/src/hooks/useAppSelector.ts": {"path":"/home/luis/projects/desafio-interset/src/hooks/useAppSelector.ts","statementMap":{"0":{"start":{"line":4,"column":63},"end":{"line":4,"column":74}}},"fnMap":{},"branchMap":{},"s":{"0":1},"f":{},"b":{},"_coverageSchema":"1a1c01bbd47fc00a2c39e90264f33305004495a9","hash":"bf07fa724f2a2964b4837a4f867921ed386e3fbe"}
,"/home/luis/projects/desafio-interset/src/navigation/AppNavigator.tsx": {"path":"/home/luis/projects/desafio-interset/src/navigation/AppNavigator.tsx","statementMap":{"0":{"start":{"line":20,"column":14},"end":{"line":20,"column":56}},"1":{"start":{"line":22,"column":21},"end":{"line":61,"column":1}},"2":{"start":{"line":23,"column":2},"end":{"line":60,"column":4}}},"fnMap":{"0":{"name":"(anonymous_0)","decl":{"start":{"line":22,"column":21},"end":{"line":22,"column":22}},"loc":{"start":{"line":22,"column":27},"end":{"line":61,"column":1}},"line":22}},"branchMap":{},"s":{"0":0,"1":0,"2":0},"f":{"0":0},"b":{}}
,"/home/luis/projects/desafio-interset/src/screens/LoginScreen.tsx": {"path":"/home/luis/projects/desafio-interset/src/screens/LoginScreen.tsx","statementMap":{"0":{"start":{"line":21,"column":25},"end":{"line":24,"column":1}},"1":{"start":{"line":26,"column":22},"end":{"line":33,"column":1}},"2":{"start":{"line":48,"column":48},"end":{"line":139,"column":1}},"3":{"start":{"line":49,"column":28},"end":{"line":49,"column":40}},"4":{"start":{"line":50,"column":34},"end":{"line":50,"column":46}},"5":{"start":{"line":52,"column":19},"end":{"line":52,"column":35}},"6":{"start":{"line":53,"column":24},"end":{"line":53,"column":61}},"7":{"start":{"line":53,"column":50},"end":{"line":53,"column":60}},"8":{"start":{"line":55,"column":22},"end":{"line":85,"column":3}},"9":{"start":{"line":56,"column":4},"end":{"line":59,"column":5}},"10":{"start":{"line":57,"column":6},"end":{"line":57,"column":65}},"11":{"start":{"line":58,"column":6},"end":{"line":58,"column":13}},"12":{"start":{"line":61,"column":4},"end":{"line":84,"column":5}},"13":{"start":{"line":62,"column":6},"end":{"line":62,"column":29}},"14":{"start":{"line":64,"column":6},"end":{"line":64,"column":64}},"15":{"start":{"line":64,"column":37},"end":{"line":64,"column":62}},"16":{"start":{"line":66,"column":6},"end":{"line":80,"column":7}},"17":{"start":{"line":70,"column":8},"end":{"line":75,"column":10}},"18":{"start":{"line":76,"column":8},"end":{"line":76,"column":42}},"19":{"start":{"line":78,"column":8},"end":{"line":78,"column":56}},"20":{"start":{"line":79,"column":8},"end":{"line":79,"column":56}},"21":{"start":{"line":82,"column":6},"end":{"line":82,"column":55}},"22":{"start":{"line":83,"column":6},"end":{"line":83,"column":65}},"23":{"start":{"line":87,"column":2},"end":{"line":138,"column":4}},"24":{"start":{"line":141,"column":15},"end":{"line":206,"column":2}}},"fnMap":{"0":{"name":"(anonymous_0)","decl":{"start":{"line":48,"column":48},"end":{"line":48,"column":49}},"loc":{"start":{"line":48,"column":68},"end":{"line":139,"column":1}},"line":48},"1":{"name":"(anonymous_1)","decl":{"start":{"line":53,"column":39},"end":{"line":53,"column":40}},"loc":{"start":{"line":53,"column":50},"end":{"line":53,"column":60}},"line":53},"2":{"name":"(anonymous_2)","decl":{"start":{"line":55,"column":22},"end":{"line":55,"column":23}},"loc":{"start":{"line":55,"column":34},"end":{"line":85,"column":3}},"line":55},"3":{"name":"(anonymous_3)","decl":{"start":{"line":64,"column":24},"end":{"line":64,"column":25}},"loc":{"start":{"line":64,"column":37},"end":{"line":64,"column":62}},"line":64}},"branchMap":{"0":{"loc":{"start":{"line":56,"column":4},"end":{"line":59,"column":5}},"type":"if","locations":[{"start":{"line":56,"column":4},"end":{"line":59,"column":5}},{"start":{},"end":{}}],"line":56},"1":{"loc":{"start":{"line":56,"column":8},"end":{"line":56,"column":27}},"type":"binary-expr","locations":[{"start":{"line":56,"column":8},"end":{"line":56,"column":14}},{"start":{"line":56,"column":18},"end":{"line":56,"column":27}}],"line":56},"2":{"loc":{"start":{"line":66,"column":6},"end":{"line":80,"column":7}},"type":"if","locations":[{"start":{"line":66,"column":6},"end":{"line":80,"column":7}},{"start":{"line":77,"column":13},"end":{"line":80,"column":7}}],"line":66},"3":{"loc":{"start":{"line":67,"column":8},"end":{"line":68,"column":43}},"type":"binary-expr","locations":[{"start":{"line":67,"column":8},"end":{"line":67,"column":40}},{"start":{"line":68,"column":8},"end":{"line":68,"column":43}}],"line":67},"4":{"loc":{"start":{"line":121,"column":38},"end":{"line":121,"column":76}},"type":"binary-expr","locations":[{"start":{"line":121,"column":38},"end":{"line":121,"column":47}},{"start":{"line":121,"column":51},"end":{"line":121,"column":76}}],"line":121},"5":{"loc":{"start":{"line":128,"column":11},"end":{"line":132,"column":11}},"type":"cond-expr","locations":[{"start":{"line":129,"column":12},"end":{"line":129,"column":59}},{"start":{"line":131,"column":12},"end":{"line":131,"column":62}}],"line":128}},"s":{"0":1,"1":1,"2":1,"3":25,"4":25,"5":25,"6":25,"7":40,"8":25,"9":5,"10":1,"11":1,"12":4,"13":4,"14":4,"15":4,"16":4,"17":3,"18":3,"19":1,"20":1,"21":0,"22":0,"23":25,"24":1},"f":{"0":25,"1":40,"2":5,"3":4},"b":{"0":[1,4],"1":[5,4],"2":[3,1],"3":[4,3],"4":[25,4],"5":[4,21]},"_coverageSchema":"1a1c01bbd47fc00a2c39e90264f33305004495a9","hash":"222eb88e3f7d507be5e047979e11b73405f77dde"}
,"/home/luis/projects/desafio-interset/src/screens/NewClientScreen.tsx": {"path":"/home/luis/projects/desafio-interset/src/screens/NewClientScreen.tsx","statementMap":{"0":{"start":{"line":19,"column":16},"end":{"line":19,"column":48}},"1":{"start":{"line":42,"column":58},"end":{"line":229,"column":1}},"2":{"start":{"line":46,"column":19},"end":{"line":46,"column":35}},"3":{"start":{"line":47,"column":32},"end":{"line":47,"column":47}},"4":{"start":{"line":48,"column":26},"end":{"line":52,"column":4}},"5":{"start":{"line":53,"column":30},"end":{"line":53,"column":64}},"6":{"start":{"line":55,"column":23},"end":{"line":76,"column":3}},"7":{"start":{"line":56,"column":44},"end":{"line":56,"column":46}},"8":{"start":{"line":58,"column":4},"end":{"line":60,"column":5}},"9":{"start":{"line":59,"column":6},"end":{"line":59,"column":44}},"10":{"start":{"line":62,"column":4},"end":{"line":66,"column":5}},"11":{"start":{"line":63,"column":6},"end":{"line":63,"column":46}},"12":{"start":{"line":64,"column":11},"end":{"line":66,"column":5}},"13":{"start":{"line":65,"column":6},"end":{"line":65,"column":41}},"14":{"start":{"line":68,"column":4},"end":{"line":72,"column":5}},"15":{"start":{"line":69,"column":6},"end":{"line":69,"column":52}},"16":{"start":{"line":70,"column":11},"end":{"line":72,"column":5}},"17":{"start":{"line":71,"column":6},"end":{"line":71,"column":47}},"18":{"start":{"line":74,"column":4},"end":{"line":74,"column":25}},"19":{"start":{"line":75,"column":4},"end":{"line":75,"column":47}},"20":{"start":{"line":78,"column":22},"end":{"line":97,"column":3}},"21":{"start":{"line":79,"column":20},"end":{"line":79,"column":43}},"22":{"start":{"line":80,"column":20},"end":{"line":80,"column":27}},"23":{"start":{"line":82,"column":4},"end":{"line":94,"column":5}},"24":{"start":{"line":83,"column":6},"end":{"line":86,"column":34}},"25":{"start":{"line":87,"column":11},"end":{"line":94,"column":5}},"26":{"start":{"line":88,"column":6},"end":{"line":91,"column":30}},"27":{"start":{"line":92,"column":11},"end":{"line":94,"column":5}},"28":{"start":{"line":93,"column":6},"end":{"line":93,"column":65}},"29":{"start":{"line":96,"column":4},"end":{"line":96,"column":21}},"30":{"start":{"line":99,"column":21},"end":{"line":129,"column":3}},"31":{"start":{"line":100,"column":4},"end":{"line":103,"column":5}},"32":{"start":{"line":101,"column":6},"end":{"line":101,"column":71}},"33":{"start":{"line":102,"column":6},"end":{"line":102,"column":13}},"34":{"start":{"line":105,"column":4},"end":{"line":128,"column":5}},"35":{"start":{"line":106,"column":6},"end":{"line":106,"column":23}},"36":{"start":{"line":108,"column":23},"end":{"line":112,"column":8}},"37":{"start":{"line":114,"column":6},"end":{"line":119,"column":9}},"38":{"start":{"line":117,"column":25},"end":{"line":117,"column":44}},"39":{"start":{"line":121,"column":6},"end":{"line":121,"column":57}},"40":{"start":{"line":122,"column":6},"end":{"line":125,"column":8}},"41":{"start":{"line":127,"column":6},"end":{"line":127,"column":24}},"42":{"start":{"line":131,"column":2},"end":{"line":228,"column":4}},"43":{"start":{"line":152,"column":16},"end":{"line":152,"column":61}},"44":{"start":{"line":152,"column":35},"end":{"line":152,"column":58}},"45":{"start":{"line":153,"column":16},"end":{"line":154,"column":70}},"46":{"start":{"line":154,"column":18},"end":{"line":154,"column":70}},"47":{"start":{"line":154,"column":39},"end":{"line":154,"column":67}},"48":{"start":{"line":172,"column":16},"end":{"line":172,"column":62}},"49":{"start":{"line":172,"column":35},"end":{"line":172,"column":59}},"50":{"start":{"line":173,"column":16},"end":{"line":174,"column":71}},"51":{"start":{"line":174,"column":18},"end":{"line":174,"column":71}},"52":{"start":{"line":174,"column":39},"end":{"line":174,"column":68}},"53":{"start":{"line":195,"column":34},"end":{"line":195,"column":51}},"54":{"start":{"line":196,"column":16},"end":{"line":196,"column":70}},"55":{"start":{"line":196,"column":35},"end":{"line":196,"column":67}},"56":{"start":{"line":197,"column":16},"end":{"line":198,"column":74}},"57":{"start":{"line":198,"column":18},"end":{"line":198,"column":74}},"58":{"start":{"line":198,"column":39},"end":{"line":198,"column":71}},"59":{"start":{"line":231,"column":15},"end":{"line":303,"column":2}}},"fnMap":{"0":{"name":"(anonymous_0)","decl":{"start":{"line":42,"column":58},"end":{"line":42,"column":59}},"loc":{"start":{"line":45,"column":6},"end":{"line":229,"column":1}},"line":45},"1":{"name":"(anonymous_1)","decl":{"start":{"line":55,"column":23},"end":{"line":55,"column":24}},"loc":{"start":{"line":55,"column":38},"end":{"line":76,"column":3}},"line":55},"2":{"name":"(anonymous_2)","decl":{"start":{"line":78,"column":22},"end":{"line":78,"column":23}},"loc":{"start":{"line":78,"column":40},"end":{"line":97,"column":3}},"line":78},"3":{"name":"(anonymous_3)","decl":{"start":{"line":99,"column":21},"end":{"line":99,"column":22}},"loc":{"start":{"line":99,"column":33},"end":{"line":129,"column":3}},"line":99},"4":{"name":"(anonymous_4)","decl":{"start":{"line":117,"column":19},"end":{"line":117,"column":20}},"loc":{"start":{"line":117,"column":25},"end":{"line":117,"column":44}},"line":117},"5":{"name":"(anonymous_5)","decl":{"start":{"line":151,"column":28},"end":{"line":151,"column":29}},"loc":{"start":{"line":151,"column":38},"end":{"line":155,"column":15}},"line":151},"6":{"name":"(anonymous_6)","decl":{"start":{"line":152,"column":24},"end":{"line":152,"column":25}},"loc":{"start":{"line":152,"column":35},"end":{"line":152,"column":58}},"line":152},"7":{"name":"(anonymous_7)","decl":{"start":{"line":154,"column":28},"end":{"line":154,"column":29}},"loc":{"start":{"line":154,"column":39},"end":{"line":154,"column":67}},"line":154},"8":{"name":"(anonymous_8)","decl":{"start":{"line":171,"column":28},"end":{"line":171,"column":29}},"loc":{"start":{"line":171,"column":38},"end":{"line":175,"column":15}},"line":171},"9":{"name":"(anonymous_9)","decl":{"start":{"line":172,"column":24},"end":{"line":172,"column":25}},"loc":{"start":{"line":172,"column":35},"end":{"line":172,"column":59}},"line":172},"10":{"name":"(anonymous_10)","decl":{"start":{"line":174,"column":28},"end":{"line":174,"column":29}},"loc":{"start":{"line":174,"column":39},"end":{"line":174,"column":68}},"line":174},"11":{"name":"(anonymous_11)","decl":{"start":{"line":194,"column":28},"end":{"line":194,"column":29}},"loc":{"start":{"line":194,"column":38},"end":{"line":199,"column":15}},"line":194},"12":{"name":"(anonymous_12)","decl":{"start":{"line":196,"column":24},"end":{"line":196,"column":25}},"loc":{"start":{"line":196,"column":35},"end":{"line":196,"column":67}},"line":196},"13":{"name":"(anonymous_13)","decl":{"start":{"line":198,"column":28},"end":{"line":198,"column":29}},"loc":{"start":{"line":198,"column":39},"end":{"line":198,"column":71}},"line":198}},"branchMap":{"0":{"loc":{"start":{"line":58,"column":4},"end":{"line":60,"column":5}},"type":"if","locations":[{"start":{"line":58,"column":4},"end":{"line":60,"column":5}},{"start":{},"end":{}}],"line":58},"1":{"loc":{"start":{"line":62,"column":4},"end":{"line":66,"column":5}},"type":"if","locations":[{"start":{"line":62,"column":4},"end":{"line":66,"column":5}},{"start":{"line":64,"column":11},"end":{"line":66,"column":5}}],"line":62},"2":{"loc":{"start":{"line":64,"column":11},"end":{"line":66,"column":5}},"type":"if","locations":[{"start":{"line":64,"column":11},"end":{"line":66,"column":5}},{"start":{},"end":{}}],"line":64},"3":{"loc":{"start":{"line":68,"column":4},"end":{"line":72,"column":5}},"type":"if","locations":[{"start":{"line":68,"column":4},"end":{"line":72,"column":5}},{"start":{"line":70,"column":11},"end":{"line":72,"column":5}}],"line":68},"4":{"loc":{"start":{"line":70,"column":11},"end":{"line":72,"column":5}},"type":"if","locations":[{"start":{"line":70,"column":11},"end":{"line":72,"column":5}},{"start":{},"end":{}}],"line":70},"5":{"loc":{"start":{"line":82,"column":4},"end":{"line":94,"column":5}},"type":"if","locations":[{"start":{"line":82,"column":4},"end":{"line":94,"column":5}},{"start":{"line":87,"column":11},"end":{"line":94,"column":5}}],"line":82},"6":{"loc":{"start":{"line":87,"column":11},"end":{"line":94,"column":5}},"type":"if","locations":[{"start":{"line":87,"column":11},"end":{"line":94,"column":5}},{"start":{"line":92,"column":11},"end":{"line":94,"column":5}}],"line":87},"7":{"loc":{"start":{"line":92,"column":11},"end":{"line":94,"column":5}},"type":"if","locations":[{"start":{"line":92,"column":11},"end":{"line":94,"column":5}},{"start":{},"end":{}}],"line":92},"8":{"loc":{"start":{"line":100,"column":4},"end":{"line":103,"column":5}},"type":"if","locations":[{"start":{"line":100,"column":4},"end":{"line":103,"column":5}},{"start":{},"end":{}}],"line":100},"9":{"loc":{"start":{"line":134,"column":16},"end":{"line":134,"column":61}},"type":"cond-expr","locations":[{"start":{"line":134,"column":40},"end":{"line":134,"column":49}},{"start":{"line":134,"column":52},"end":{"line":134,"column":61}}],"line":134},"10":{"loc":{"start":{"line":148,"column":36},"end":{"line":148,"column":68}},"type":"binary-expr","locations":[{"start":{"line":148,"column":36},"end":{"line":148,"column":47}},{"start":{"line":148,"column":51},"end":{"line":148,"column":68}}],"line":148},"11":{"loc":{"start":{"line":153,"column":16},"end":{"line":154,"column":70}},"type":"if","locations":[{"start":{"line":153,"column":16},"end":{"line":154,"column":70}},{"start":{},"end":{}}],"line":153},"12":{"loc":{"start":{"line":159,"column":13},"end":{"line":159,"column":79}},"type":"binary-expr","locations":[{"start":{"line":159,"column":13},"end":{"line":159,"column":24}},{"start":{"line":159,"column":28},"end":{"line":159,"column":79}}],"line":159},"13":{"loc":{"start":{"line":168,"column":36},"end":{"line":168,"column":69}},"type":"binary-expr","locations":[{"start":{"line":168,"column":36},"end":{"line":168,"column":48}},{"start":{"line":168,"column":52},"end":{"line":168,"column":69}}],"line":168},"14":{"loc":{"start":{"line":173,"column":16},"end":{"line":174,"column":71}},"type":"if","locations":[{"start":{"line":173,"column":16},"end":{"line":174,"column":71}},{"start":{},"end":{}}],"line":173},"15":{"loc":{"start":{"line":180,"column":13},"end":{"line":182,"column":13}},"type":"binary-expr","locations":[{"start":{"line":180,"column":13},"end":{"line":180,"column":25}},{"start":{"line":181,"column":14},"end":{"line":181,"column":66}}],"line":180},"16":{"loc":{"start":{"line":191,"column":36},"end":{"line":191,"column":72}},"type":"binary-expr","locations":[{"start":{"line":191,"column":36},"end":{"line":191,"column":51}},{"start":{"line":191,"column":55},"end":{"line":191,"column":72}}],"line":191},"17":{"loc":{"start":{"line":197,"column":16},"end":{"line":198,"column":74}},"type":"if","locations":[{"start":{"line":197,"column":16},"end":{"line":198,"column":74}},{"start":{},"end":{}}],"line":197},"18":{"loc":{"start":{"line":204,"column":13},"end":{"line":206,"column":13}},"type":"binary-expr","locations":[{"start":{"line":204,"column":13},"end":{"line":204,"column":28}},{"start":{"line":205,"column":14},"end":{"line":205,"column":69}}],"line":204},"19":{"loc":{"start":{"line":213,"column":37},"end":{"line":213,"column":73}},"type":"binary-expr","locations":[{"start":{"line":213,"column":37},"end":{"line":213,"column":44}},{"start":{"line":213,"column":48},"end":{"line":213,"column":73}}],"line":213},"20":{"loc":{"start":{"line":217,"column":11},"end":{"line":224,"column":11}},"type":"cond-expr","locations":[{"start":{"line":218,"column":12},"end":{"line":218,"column":46}},{"start":{"line":220,"column":12},"end":{"line":223,"column":15}}],"line":217}},"s":{"0":1,"1":1,"2":17,"3":17,"4":17,"5":17,"6":17,"7":4,"8":4,"9":2,"10":4,"11":1,"12":3,"13":1,"14":4,"15":2,"16":2,"17":0,"18":4,"19":4,"20":17,"21":2,"22":2,"23":2,"24":2,"25":0,"26":0,"27":0,"28":0,"29":2,"30":17,"31":4,"32":2,"33":2,"34":2,"35":2,"36":2,"37":1,"38":1,"39":1,"40":1,"41":2,"42":17,"43":2,"44":2,"45":2,"46":0,"47":0,"48":3,"49":3,"50":3,"51":0,"52":0,"53":2,"54":2,"55":2,"56":2,"57":0,"58":0,"59":1},"f":{"0":17,"1":4,"2":2,"3":4,"4":1,"5":2,"6":2,"7":0,"8":3,"9":3,"10":0,"11":2,"12":2,"13":0},"b":{"0":[2,2],"1":[1,3],"2":[1,2],"3":[2,2],"4":[0,2],"5":[2,0],"6":[0,0],"7":[0,0],"8":[2,2],"9":[17,0],"10":[17,2],"11":[0,2],"12":[17,2],"13":[17,2],"14":[0,3],"15":[17,2],"16":[17,2],"17":[0,2],"18":[17,2],"19":[17,2],"20":[2,15]},"_coverageSchema":"1a1c01bbd47fc00a2c39e90264f33305004495a9","hash":"398bf6b9b30799cee654a7e0aab74df578fb0c39"}
,"/home/luis/projects/desafio-interset/src/screens/NewInspectionScreen.tsx": {"path":"/home/luis/projects/desafio-interset/src/screens/NewInspectionScreen.tsx","statementMap":{"0":{"start":{"line":23,"column":16},"end":{"line":23,"column":48}},"1":{"start":{"line":60,"column":63},"end":{"line":537,"column":1}},"2":{"start":{"line":64,"column":19},"end":{"line":64,"column":35}},"3":{"start":{"line":65,"column":32},"end":{"line":65,"column":47}},"4":{"start":{"line":66,"column":26},"end":{"line":72,"column":4}},"5":{"start":{"line":74,"column":30},"end":{"line":74,"column":54}},"6":{"start":{"line":75,"column":28},"end":{"line":75,"column":50}},"7":{"start":{"line":76,"column":36},"end":{"line":76,"column":51}},"8":{"start":{"line":77,"column":34},"end":{"line":77,"column":49}},"9":{"start":{"line":78,"column":44},"end":{"line":78,"column":59}},"10":{"start":{"line":79,"column":42},"end":{"line":79,"column":57}},"11":{"start":{"line":80,"column":36},"end":{"line":80,"column":71}},"12":{"start":{"line":82,"column":20},"end":{"line":86,"column":3}},"13":{"start":{"line":88,"column":25},"end":{"line":92,"column":3}},"14":{"start":{"line":94,"column":2},"end":{"line":98,"column":9}},"15":{"start":{"line":95,"column":4},"end":{"line":95,"column":24}},"16":{"start":{"line":96,"column":4},"end":{"line":96,"column":25}},"17":{"start":{"line":97,"column":4},"end":{"line":97,"column":21}},"18":{"start":{"line":100,"column":25},"end":{"line":109,"column":3}},"19":{"start":{"line":101,"column":4},"end":{"line":108,"column":5}},"20":{"start":{"line":102,"column":23},"end":{"line":104,"column":7}},"21":{"start":{"line":105,"column":6},"end":{"line":105,"column":34}},"22":{"start":{"line":107,"column":6},"end":{"line":107,"column":56}},"23":{"start":{"line":111,"column":28},"end":{"line":114,"column":3}},"24":{"start":{"line":112,"column":25},"end":{"line":112,"column":46}},"25":{"start":{"line":113,"column":4},"end":{"line":113,"column":44}},"26":{"start":{"line":116,"column":29},"end":{"line":136,"column":3}},"27":{"start":{"line":117,"column":4},"end":{"line":135,"column":5}},"28":{"start":{"line":119,"column":8},"end":{"line":119,"column":63}},"29":{"start":{"line":120,"column":6},"end":{"line":125,"column":7}},"30":{"start":{"line":121,"column":8},"end":{"line":124,"column":10}},"31":{"start":{"line":128,"column":8},"end":{"line":128,"column":57}},"32":{"start":{"line":129,"column":6},"end":{"line":134,"column":7}},"33":{"start":{"line":130,"column":8},"end":{"line":133,"column":10}},"34":{"start":{"line":138,"column":23},"end":{"line":159,"column":3}},"35":{"start":{"line":139,"column":34},"end":{"line":139,"column":36}},"36":{"start":{"line":141,"column":4},"end":{"line":143,"column":5}},"37":{"start":{"line":142,"column":6},"end":{"line":142,"column":44}},"38":{"start":{"line":145,"column":4},"end":{"line":147,"column":5}},"39":{"start":{"line":146,"column":6},"end":{"line":146,"column":54}},"40":{"start":{"line":149,"column":4},"end":{"line":151,"column":5}},"41":{"start":{"line":150,"column":6},"end":{"line":150,"column":56}},"42":{"start":{"line":153,"column":4},"end":{"line":155,"column":5}},"43":{"start":{"line":154,"column":6},"end":{"line":154,"column":56}},"44":{"start":{"line":157,"column":4},"end":{"line":157,"column":25}},"45":{"start":{"line":158,"column":4},"end":{"line":158,"column":47}},"46":{"start":{"line":161,"column":20},"end":{"line":184,"column":3}},"47":{"start":{"line":162,"column":4},"end":{"line":183,"column":5}},"48":{"start":{"line":163,"column":21},"end":{"line":174,"column":13}},"49":{"start":{"line":176,"column":6},"end":{"line":179,"column":7}},"50":{"start":{"line":177,"column":25},"end":{"line":177,"column":64}},"51":{"start":{"line":177,"column":54},"end":{"line":177,"column":63}},"52":{"start":{"line":178,"column":8},"end":{"line":178,"column":61}},"53":{"start":{"line":178,"column":32},"end":{"line":178,"column":59}},"54":{"start":{"line":181,"column":6},"end":{"line":181,"column":57}},"55":{"start":{"line":182,"column":6},"end":{"line":182,"column":66}},"56":{"start":{"line":186,"column":22},"end":{"line":188,"column":3}},"57":{"start":{"line":187,"column":4},"end":{"line":187,"column":69}},"58":{"start":{"line":187,"column":28},"end":{"line":187,"column":67}},"59":{"start":{"line":187,"column":55},"end":{"line":187,"column":66}},"60":{"start":{"line":190,"column":21},"end":{"line":294,"column":3}},"61":{"start":{"line":191,"column":4},"end":{"line":194,"column":5}},"62":{"start":{"line":192,"column":6},"end":{"line":192,"column":71}},"63":{"start":{"line":193,"column":6},"end":{"line":193,"column":13}},"64":{"start":{"line":196,"column":4},"end":{"line":202,"column":5}},"65":{"start":{"line":197,"column":6},"end":{"line":200,"column":8}},"66":{"start":{"line":201,"column":6},"end":{"line":201,"column":13}},"67":{"start":{"line":204,"column":4},"end":{"line":293,"column":5}},"68":{"start":{"line":205,"column":6},"end":{"line":205,"column":23}},"69":{"start":{"line":207,"column":31},"end":{"line":215,"column":8}},"70":{"start":{"line":217,"column":25},"end":{"line":217,"column":49}},"71":{"start":{"line":219,"column":6},"end":{"line":268,"column":7}},"72":{"start":{"line":220,"column":25},"end":{"line":220,"column":39}},"73":{"start":{"line":222,"column":8},"end":{"line":229,"column":11}},"74":{"start":{"line":223,"column":27},"end":{"line":223,"column":70}},"75":{"start":{"line":224,"column":10},"end":{"line":228,"column":20}},"76":{"start":{"line":231,"column":8},"end":{"line":267,"column":9}},"77":{"start":{"line":232,"column":33},"end":{"line":246,"column":11}},"78":{"start":{"line":242,"column":18},"end":{"line":242,"column":30}},"79":{"start":{"line":248,"column":10},"end":{"line":248,"column":56}},"80":{"start":{"line":249,"column":10},"end":{"line":254,"column":11}},"81":{"start":{"line":250,"column":12},"end":{"line":253,"column":14}},"82":{"start":{"line":256,"column":10},"end":{"line":265,"column":12}},"83":{"start":{"line":262,"column":31},"end":{"line":262,"column":50}},"84":{"start":{"line":266,"column":10},"end":{"line":266,"column":17}},"85":{"start":{"line":270,"column":6},"end":{"line":275,"column":9}},"86":{"start":{"line":273,"column":25},"end":{"line":273,"column":44}},"87":{"start":{"line":277,"column":6},"end":{"line":277,"column":58}},"88":{"start":{"line":278,"column":6},"end":{"line":290,"column":7}},"89":{"start":{"line":279,"column":8},"end":{"line":284,"column":10}},"90":{"start":{"line":286,"column":8},"end":{"line":289,"column":10}},"91":{"start":{"line":292,"column":6},"end":{"line":292,"column":24}},"92":{"start":{"line":296,"column":2},"end":{"line":536,"column":4}},"93":{"start":{"line":324,"column":16},"end":{"line":324,"column":73}},"94":{"start":{"line":324,"column":35},"end":{"line":324,"column":70}},"95":{"start":{"line":325,"column":16},"end":{"line":326,"column":70}},"96":{"start":{"line":326,"column":18},"end":{"line":326,"column":70}},"97":{"start":{"line":326,"column":39},"end":{"line":326,"column":67}},"98":{"start":{"line":353,"column":16},"end":{"line":356,"column":20}},"99":{"start":{"line":353,"column":35},"end":{"line":356,"column":17}},"100":{"start":{"line":357,"column":16},"end":{"line":358,"column":75}},"101":{"start":{"line":358,"column":18},"end":{"line":358,"column":75}},"102":{"start":{"line":358,"column":39},"end":{"line":358,"column":72}},"103":{"start":{"line":380,"column":14},"end":{"line":384,"column":17}},"104":{"start":{"line":380,"column":33},"end":{"line":384,"column":15}},"105":{"start":{"line":406,"column":45},"end":{"line":409,"column":17}},"106":{"start":{"line":412,"column":32},"end":{"line":412,"column":66}},"107":{"start":{"line":413,"column":18},"end":{"line":416,"column":22}},"108":{"start":{"line":413,"column":37},"end":{"line":416,"column":19}},"109":{"start":{"line":417,"column":18},"end":{"line":419,"column":19}},"110":{"start":{"line":418,"column":20},"end":{"line":418,"column":80}},"111":{"start":{"line":418,"column":41},"end":{"line":418,"column":77}},"112":{"start":{"line":452,"column":16},"end":{"line":452,"column":67}},"113":{"start":{"line":452,"column":35},"end":{"line":452,"column":64}},"114":{"start":{"line":453,"column":16},"end":{"line":454,"column":76}},"115":{"start":{"line":454,"column":18},"end":{"line":454,"column":76}},"116":{"start":{"line":454,"column":39},"end":{"line":454,"column":73}},"117":{"start":{"line":475,"column":31},"end":{"line":475,"column":46}},"118":{"start":{"line":483,"column":31},"end":{"line":483,"column":47}},"119":{"start":{"line":498,"column":16},"end":{"line":511,"column":23}},"120":{"start":{"line":507,"column":35},"end":{"line":507,"column":53}},"121":{"start":{"line":539,"column":15},"end":{"line":703,"column":2}}},"fnMap":{"0":{"name":"(anonymous_0)","decl":{"start":{"line":60,"column":63},"end":{"line":60,"column":64}},"loc":{"start":{"line":63,"column":6},"end":{"line":537,"column":1}},"line":63},"1":{"name":"(anonymous_1)","decl":{"start":{"line":94,"column":12},"end":{"line":94,"column":13}},"loc":{"start":{"line":94,"column":18},"end":{"line":98,"column":3}},"line":94},"2":{"name":"(anonymous_2)","decl":{"start":{"line":100,"column":25},"end":{"line":100,"column":26}},"loc":{"start":{"line":100,"column":37},"end":{"line":109,"column":3}},"line":100},"3":{"name":"(anonymous_3)","decl":{"start":{"line":111,"column":28},"end":{"line":111,"column":29}},"loc":{"start":{"line":111,"column":40},"end":{"line":114,"column":3}},"line":111},"4":{"name":"(anonymous_4)","decl":{"start":{"line":116,"column":29},"end":{"line":116,"column":30}},"loc":{"start":{"line":116,"column":41},"end":{"line":136,"column":3}},"line":116},"5":{"name":"(anonymous_5)","decl":{"start":{"line":138,"column":23},"end":{"line":138,"column":24}},"loc":{"start":{"line":138,"column":38},"end":{"line":159,"column":3}},"line":138},"6":{"name":"(anonymous_6)","decl":{"start":{"line":161,"column":20},"end":{"line":161,"column":21}},"loc":{"start":{"line":161,"column":58},"end":{"line":184,"column":3}},"line":161},"7":{"name":"(anonymous_7)","decl":{"start":{"line":177,"column":43},"end":{"line":177,"column":44}},"loc":{"start":{"line":177,"column":54},"end":{"line":177,"column":63}},"line":177},"8":{"name":"(anonymous_8)","decl":{"start":{"line":178,"column":17},"end":{"line":178,"column":18}},"loc":{"start":{"line":178,"column":32},"end":{"line":178,"column":59}},"line":178},"9":{"name":"(anonymous_9)","decl":{"start":{"line":186,"column":22},"end":{"line":186,"column":23}},"loc":{"start":{"line":186,"column":41},"end":{"line":188,"column":3}},"line":186},"10":{"name":"(anonymous_10)","decl":{"start":{"line":187,"column":13},"end":{"line":187,"column":14}},"loc":{"start":{"line":187,"column":28},"end":{"line":187,"column":67}},"line":187},"11":{"name":"(anonymous_11)","decl":{"start":{"line":187,"column":45},"end":{"line":187,"column":46}},"loc":{"start":{"line":187,"column":55},"end":{"line":187,"column":66}},"line":187},"12":{"name":"(anonymous_12)","decl":{"start":{"line":190,"column":21},"end":{"line":190,"column":22}},"loc":{"start":{"line":190,"column":33},"end":{"line":294,"column":3}},"line":190},"13":{"name":"(anonymous_13)","decl":{"start":{"line":222,"column":22},"end":{"line":222,"column":23}},"loc":{"start":{"line":222,"column":39},"end":{"line":229,"column":9}},"line":222},"14":{"name":"(anonymous_14)","decl":{"start":{"line":241,"column":16},"end":{"line":241,"column":17}},"loc":{"start":{"line":241,"column":32},"end":{"line":243,"column":17}},"line":241},"15":{"name":"(anonymous_15)","decl":{"start":{"line":262,"column":25},"end":{"line":262,"column":26}},"loc":{"start":{"line":262,"column":31},"end":{"line":262,"column":50}},"line":262},"16":{"name":"(anonymous_16)","decl":{"start":{"line":273,"column":19},"end":{"line":273,"column":20}},"loc":{"start":{"line":273,"column":25},"end":{"line":273,"column":44}},"line":273},"17":{"name":"(anonymous_17)","decl":{"start":{"line":323,"column":24},"end":{"line":323,"column":25}},"loc":{"start":{"line":323,"column":35},"end":{"line":327,"column":15}},"line":323},"18":{"name":"(anonymous_18)","decl":{"start":{"line":324,"column":24},"end":{"line":324,"column":25}},"loc":{"start":{"line":324,"column":35},"end":{"line":324,"column":70}},"line":324},"19":{"name":"(anonymous_19)","decl":{"start":{"line":326,"column":28},"end":{"line":326,"column":29}},"loc":{"start":{"line":326,"column":39},"end":{"line":326,"column":67}},"line":326},"20":{"name":"(anonymous_20)","decl":{"start":{"line":352,"column":24},"end":{"line":352,"column":25}},"loc":{"start":{"line":352,"column":35},"end":{"line":359,"column":15}},"line":352},"21":{"name":"(anonymous_21)","decl":{"start":{"line":353,"column":24},"end":{"line":353,"column":25}},"loc":{"start":{"line":353,"column":35},"end":{"line":356,"column":17}},"line":353},"22":{"name":"(anonymous_22)","decl":{"start":{"line":358,"column":28},"end":{"line":358,"column":29}},"loc":{"start":{"line":358,"column":39},"end":{"line":358,"column":72}},"line":358},"23":{"name":"(anonymous_23)","decl":{"start":{"line":379,"column":21},"end":{"line":379,"column":22}},"loc":{"start":{"line":380,"column":14},"end":{"line":384,"column":17}},"line":380},"24":{"name":"(anonymous_24)","decl":{"start":{"line":380,"column":22},"end":{"line":380,"column":23}},"loc":{"start":{"line":380,"column":33},"end":{"line":384,"column":15}},"line":380},"25":{"name":"(anonymous_25)","decl":{"start":{"line":406,"column":37},"end":{"line":406,"column":38}},"loc":{"start":{"line":406,"column":45},"end":{"line":409,"column":17}},"line":406},"26":{"name":"(anonymous_26)","decl":{"start":{"line":411,"column":26},"end":{"line":411,"column":27}},"loc":{"start":{"line":411,"column":40},"end":{"line":420,"column":17}},"line":411},"27":{"name":"(anonymous_27)","decl":{"start":{"line":413,"column":26},"end":{"line":413,"column":27}},"loc":{"start":{"line":413,"column":37},"end":{"line":416,"column":19}},"line":413},"28":{"name":"(anonymous_28)","decl":{"start":{"line":418,"column":30},"end":{"line":418,"column":31}},"loc":{"start":{"line":418,"column":41},"end":{"line":418,"column":77}},"line":418},"29":{"name":"(anonymous_29)","decl":{"start":{"line":451,"column":28},"end":{"line":451,"column":29}},"loc":{"start":{"line":451,"column":38},"end":{"line":455,"column":15}},"line":451},"30":{"name":"(anonymous_30)","decl":{"start":{"line":452,"column":24},"end":{"line":452,"column":25}},"loc":{"start":{"line":452,"column":35},"end":{"line":452,"column":64}},"line":452},"31":{"name":"(anonymous_31)","decl":{"start":{"line":454,"column":28},"end":{"line":454,"column":29}},"loc":{"start":{"line":454,"column":39},"end":{"line":454,"column":73}},"line":454},"32":{"name":"(anonymous_32)","decl":{"start":{"line":475,"column":25},"end":{"line":475,"column":26}},"loc":{"start":{"line":475,"column":31},"end":{"line":475,"column":46}},"line":475},"33":{"name":"(anonymous_33)","decl":{"start":{"line":483,"column":25},"end":{"line":483,"column":26}},"loc":{"start":{"line":483,"column":31},"end":{"line":483,"column":47}},"line":483},"34":{"name":"(anonymous_34)","decl":{"start":{"line":497,"column":25},"end":{"line":497,"column":26}},"loc":{"start":{"line":498,"column":16},"end":{"line":511,"column":23}},"line":498},"35":{"name":"(anonymous_35)","decl":{"start":{"line":507,"column":29},"end":{"line":507,"column":30}},"loc":{"start":{"line":507,"column":35},"end":{"line":507,"column":53}},"line":507}},"branchMap":{"0":{"loc":{"start":{"line":117,"column":4},"end":{"line":135,"column":5}},"type":"if","locations":[{"start":{"line":117,"column":4},"end":{"line":135,"column":5}},{"start":{},"end":{}}],"line":117},"1":{"loc":{"start":{"line":120,"column":6},"end":{"line":125,"column":7}},"type":"if","locations":[{"start":{"line":120,"column":6},"end":{"line":125,"column":7}},{"start":{},"end":{}}],"line":120},"2":{"loc":{"start":{"line":129,"column":6},"end":{"line":134,"column":7}},"type":"if","locations":[{"start":{"line":129,"column":6},"end":{"line":134,"column":7}},{"start":{},"end":{}}],"line":129},"3":{"loc":{"start":{"line":141,"column":4},"end":{"line":143,"column":5}},"type":"if","locations":[{"start":{"line":141,"column":4},"end":{"line":143,"column":5}},{"start":{},"end":{}}],"line":141},"4":{"loc":{"start":{"line":145,"column":4},"end":{"line":147,"column":5}},"type":"if","locations":[{"start":{"line":145,"column":4},"end":{"line":147,"column":5}},{"start":{},"end":{}}],"line":145},"5":{"loc":{"start":{"line":149,"column":4},"end":{"line":151,"column":5}},"type":"if","locations":[{"start":{"line":149,"column":4},"end":{"line":151,"column":5}},{"start":{},"end":{}}],"line":149},"6":{"loc":{"start":{"line":149,"column":8},"end":{"line":149,"column":48}},"type":"binary-expr","locations":[{"start":{"line":149,"column":8},"end":{"line":149,"column":27}},{"start":{"line":149,"column":31},"end":{"line":149,"column":48}}],"line":149},"7":{"loc":{"start":{"line":153,"column":4},"end":{"line":155,"column":5}},"type":"if","locations":[{"start":{"line":153,"column":4},"end":{"line":155,"column":5}},{"start":{},"end":{}}],"line":153},"8":{"loc":{"start":{"line":161,"column":27},"end":{"line":161,"column":53}},"type":"default-arg","locations":[{"start":{"line":161,"column":48},"end":{"line":161,"column":53}}],"line":161},"9":{"loc":{"start":{"line":163,"column":28},"end":{"line":174,"column":12}},"type":"cond-expr","locations":[{"start":{"line":164,"column":10},"end":{"line":168,"column":12}},{"start":{"line":169,"column":10},"end":{"line":174,"column":12}}],"line":163},"10":{"loc":{"start":{"line":176,"column":6},"end":{"line":179,"column":7}},"type":"if","locations":[{"start":{"line":176,"column":6},"end":{"line":179,"column":7}},{"start":{},"end":{}}],"line":176},"11":{"loc":{"start":{"line":191,"column":4},"end":{"line":194,"column":5}},"type":"if","locations":[{"start":{"line":191,"column":4},"end":{"line":194,"column":5}},{"start":{},"end":{}}],"line":191},"12":{"loc":{"start":{"line":196,"column":4},"end":{"line":202,"column":5}},"type":"if","locations":[{"start":{"line":196,"column":4},"end":{"line":202,"column":5}},{"start":{},"end":{}}],"line":196},"13":{"loc":{"start":{"line":211,"column":21},"end":{"line":211,"column":66}},"type":"cond-expr","locations":[{"start":{"line":211,"column":43},"end":{"line":211,"column":59}},{"start":{"line":211,"column":62},"end":{"line":211,"column":66}}],"line":211},"14":{"loc":{"start":{"line":219,"column":6},"end":{"line":268,"column":7}},"type":"if","locations":[{"start":{"line":219,"column":6},"end":{"line":268,"column":7}},{"start":{},"end":{}}],"line":219},"15":{"loc":{"start":{"line":223,"column":27},"end":{"line":223,"column":70}},"type":"binary-expr","locations":[{"start":{"line":223,"column":27},"end":{"line":223,"column":48}},{"start":{"line":223,"column":52},"end":{"line":223,"column":70}}],"line":223},"16":{"loc":{"start":{"line":249,"column":10},"end":{"line":254,"column":11}},"type":"if","locations":[{"start":{"line":249,"column":10},"end":{"line":254,"column":11}},{"start":{},"end":{}}],"line":249},"17":{"loc":{"start":{"line":278,"column":6},"end":{"line":290,"column":7}},"type":"if","locations":[{"start":{"line":278,"column":6},"end":{"line":290,"column":7}},{"start":{"line":285,"column":13},"end":{"line":290,"column":7}}],"line":278},"18":{"loc":{"start":{"line":282,"column":12},"end":{"line":282,"column":64}},"type":"binary-expr","locations":[{"start":{"line":282,"column":12},"end":{"line":282,"column":41}},{"start":{"line":282,"column":45},"end":{"line":282,"column":64}}],"line":282},"19":{"loc":{"start":{"line":305,"column":9},"end":{"line":311,"column":9}},"type":"binary-expr","locations":[{"start":{"line":305,"column":9},"end":{"line":305,"column":18}},{"start":{"line":306,"column":10},"end":{"line":310,"column":17}}],"line":305},"20":{"loc":{"start":{"line":325,"column":16},"end":{"line":326,"column":70}},"type":"if","locations":[{"start":{"line":325,"column":16},"end":{"line":326,"column":70}},{"start":{},"end":{}}],"line":325},"21":{"loc":{"start":{"line":328,"column":39},"end":{"line":328,"column":71}},"type":"binary-expr","locations":[{"start":{"line":328,"column":39},"end":{"line":328,"column":50}},{"start":{"line":328,"column":54},"end":{"line":328,"column":71}}],"line":328},"22":{"loc":{"start":{"line":336,"column":13},"end":{"line":340,"column":13}},"type":"binary-expr","locations":[{"start":{"line":336,"column":13},"end":{"line":336,"column":24}},{"start":{"line":337,"column":14},"end":{"line":339,"column":21}}],"line":336},"23":{"loc":{"start":{"line":357,"column":16},"end":{"line":358,"column":75}},"type":"if","locations":[{"start":{"line":357,"column":16},"end":{"line":358,"column":75}},{"start":{},"end":{}}],"line":357},"24":{"loc":{"start":{"line":360,"column":39},"end":{"line":360,"column":76}},"type":"binary-expr","locations":[{"start":{"line":360,"column":39},"end":{"line":360,"column":55}},{"start":{"line":360,"column":59},"end":{"line":360,"column":76}}],"line":360},"25":{"loc":{"start":{"line":368,"column":13},"end":{"line":372,"column":13}},"type":"binary-expr","locations":[{"start":{"line":368,"column":13},"end":{"line":368,"column":29}},{"start":{"line":369,"column":14},"end":{"line":371,"column":21}}],"line":368},"26":{"loc":{"start":{"line":383,"column":29},"end":{"line":383,"column":75}},"type":"cond-expr","locations":[{"start":{"line":383,"column":52},"end":{"line":383,"column":56}},{"start":{"line":383,"column":59},"end":{"line":383,"column":75}}],"line":383},"27":{"loc":{"start":{"line":390,"column":16},"end":{"line":390,"column":61}},"type":"binary-expr","locations":[{"start":{"line":390,"column":16},"end":{"line":390,"column":35}},{"start":{"line":390,"column":39},"end":{"line":390,"column":61}}],"line":390},"28":{"loc":{"start":{"line":393,"column":15},"end":{"line":393,"column":70}},"type":"binary-expr","locations":[{"start":{"line":393,"column":15},"end":{"line":393,"column":34}},{"start":{"line":393,"column":38},"end":{"line":393,"column":70}}],"line":393},"29":{"loc":{"start":{"line":399,"column":11},"end":{"line":438,"column":11}},"type":"binary-expr","locations":[{"start":{"line":399,"column":11},"end":{"line":399,"column":30}},{"start":{"line":400,"column":12},"end":{"line":437,"column":19}}],"line":399},"30":{"loc":{"start":{"line":405,"column":23},"end":{"line":405,"column":47}},"type":"binary-expr","locations":[{"start":{"line":405,"column":23},"end":{"line":405,"column":39}},{"start":{"line":405,"column":43},"end":{"line":405,"column":47}}],"line":405},"31":{"loc":{"start":{"line":412,"column":41},"end":{"line":412,"column":65}},"type":"binary-expr","locations":[{"start":{"line":412,"column":41},"end":{"line":412,"column":57}},{"start":{"line":412,"column":61},"end":{"line":412,"column":65}}],"line":412},"32":{"loc":{"start":{"line":417,"column":18},"end":{"line":419,"column":19}},"type":"if","locations":[{"start":{"line":417,"column":18},"end":{"line":419,"column":19}},{"start":{},"end":{}}],"line":417},"33":{"loc":{"start":{"line":423,"column":18},"end":{"line":423,"column":58}},"type":"binary-expr","locations":[{"start":{"line":423,"column":18},"end":{"line":423,"column":37}},{"start":{"line":423,"column":41},"end":{"line":423,"column":58}}],"line":423},"34":{"loc":{"start":{"line":432,"column":15},"end":{"line":436,"column":15}},"type":"binary-expr","locations":[{"start":{"line":432,"column":15},"end":{"line":432,"column":34}},{"start":{"line":433,"column":16},"end":{"line":435,"column":23}}],"line":432},"35":{"loc":{"start":{"line":448,"column":16},"end":{"line":448,"column":54}},"type":"binary-expr","locations":[{"start":{"line":448,"column":16},"end":{"line":448,"column":33}},{"start":{"line":448,"column":37},"end":{"line":448,"column":54}}],"line":448},"36":{"loc":{"start":{"line":453,"column":16},"end":{"line":454,"column":76}},"type":"if","locations":[{"start":{"line":453,"column":16},"end":{"line":454,"column":76}},{"start":{},"end":{}}],"line":453},"37":{"loc":{"start":{"line":461,"column":13},"end":{"line":465,"column":13}},"type":"binary-expr","locations":[{"start":{"line":461,"column":13},"end":{"line":461,"column":30}},{"start":{"line":462,"column":14},"end":{"line":464,"column":21}}],"line":461},"38":{"loc":{"start":{"line":521,"column":37},"end":{"line":521,"column":73}},"type":"binary-expr","locations":[{"start":{"line":521,"column":37},"end":{"line":521,"column":44}},{"start":{"line":521,"column":48},"end":{"line":521,"column":73}}],"line":521},"39":{"loc":{"start":{"line":525,"column":11},"end":{"line":532,"column":11}},"type":"cond-expr","locations":[{"start":{"line":526,"column":12},"end":{"line":526,"column":73}},{"start":{"line":528,"column":12},"end":{"line":531,"column":15}}],"line":525}},"s":{"0":0,"1":0,"2":0,"3":0,"4":0,"5":0,"6":0,"7":0,"8":0,"9":0,"10":0,"11":0,"12":0,"13":0,"14":0,"15":0,"16":0,"17":0,"18":0,"19":0,"20":0,"21":0,"22":0,"23":0,"24":0,"25":0,"26":0,"27":0,"28":0,"29":0,"30":0,"31":0,"32":0,"33":0,"34":0,"35":0,"36":0,"37":0,"38":0,"39":0,"40":0,"41":0,"42":0,"43":0,"44":0,"45":0,"46":0,"47":0,"48":0,"49":0,"50":0,"51":0,"52":0,"53":0,"54":0,"55":0,"56":0,"57":0,"58":0,"59":0,"60":0,"61":0,"62":0,"63":0,"64":0,"65":0,"66":0,"67":0,"68":0,"69":0,"70":0,"71":0,"72":0,"73":0,"74":0,"75":0,"76":0,"77":0,"78":0,"79":0,"80":0,"81":0,"82":0,"83":0,"84":0,"85":0,"86":0,"87":0,"88":0,"89":0,"90":0,"91":0,"92":0,"93":0,"94":0,"95":0,"96":0,"97":0,"98":0,"99":0,"100":0,"101":0,"102":0,"103":0,"104":0,"105":0,"106":0,"107":0,"108":0,"109":0,"110":0,"111":0,"112":0,"113":0,"114":0,"115":0,"116":0,"117":0,"118":0,"119":0,"120":0,"121":0},"f":{"0":0,"1":0,"2":0,"3":0,"4":0,"5":0,"6":0,"7":0,"8":0,"9":0,"10":0,"11":0,"12":0,"13":0,"14":0,"15":0,"16":0,"17":0,"18":0,"19":0,"20":0,"21":0,"22":0,"23":0,"24":0,"25":0,"26":0,"27":0,"28":0,"29":0,"30":0,"31":0,"32":0,"33":0,"34":0,"35":0},"b":{"0":[0,0],"1":[0,0],"2":[0,0],"3":[0,0],"4":[0,0],"5":[0,0],"6":[0,0],"7":[0,0],"8":[0],"9":[0,0],"10":[0,0],"11":[0,0],"12":[0,0],"13":[0,0],"14":[0,0],"15":[0,0],"16":[0,0],"17":[0,0],"18":[0,0],"19":[0,0],"20":[0,0],"21":[0,0],"22":[0,0],"23":[0,0],"24":[0,0],"25":[0,0],"26":[0,0],"27":[0,0],"28":[0,0],"29":[0,0],"30":[0,0],"31":[0,0],"32":[0,0],"33":[0,0],"34":[0,0],"35":[0,0],"36":[0,0],"37":[0,0],"38":[0,0],"39":[0,0]}}
,"/home/luis/projects/desafio-interset/src/screens/ScreenInspectionDetails.tsx": {"path":"/home/luis/projects/desafio-interset/src/screens/ScreenInspectionDetails.tsx","statementMap":{"0":{"start":{"line":27,"column":16},"end":{"line":27,"column":48}},"1":{"start":{"line":54,"column":71},"end":{"line":439,"column":1}},"2":{"start":{"line":58,"column":25},"end":{"line":58,"column":37}},"3":{"start":{"line":59,"column":36},"end":{"line":59,"column":71}},"4":{"start":{"line":60,"column":34},"end":{"line":60,"column":76}},"5":{"start":{"line":61,"column":36},"end":{"line":61,"column":50}},"6":{"start":{"line":62,"column":36},"end":{"line":62,"column":51}},"7":{"start":{"line":63,"column":40},"end":{"line":63,"column":55}},"8":{"start":{"line":64,"column":46},"end":{"line":73,"column":4}},"9":{"start":{"line":75,"column":34},"end":{"line":75,"column":49}},"10":{"start":{"line":76,"column":34},"end":{"line":76,"column":49}},"11":{"start":{"line":77,"column":44},"end":{"line":77,"column":59}},"12":{"start":{"line":78,"column":42},"end":{"line":78,"column":57}},"13":{"start":{"line":80,"column":20},"end":{"line":84,"column":3}},"14":{"start":{"line":86,"column":25},"end":{"line":90,"column":3}},"15":{"start":{"line":92,"column":25},"end":{"line":101,"column":3}},"16":{"start":{"line":93,"column":4},"end":{"line":100,"column":5}},"17":{"start":{"line":94,"column":23},"end":{"line":96,"column":7}},"18":{"start":{"line":97,"column":6},"end":{"line":97,"column":34}},"19":{"start":{"line":99,"column":6},"end":{"line":99,"column":56}},"20":{"start":{"line":103,"column":31},"end":{"line":135,"column":3}},"21":{"start":{"line":104,"column":4},"end":{"line":134,"column":5}},"22":{"start":{"line":105,"column":6},"end":{"line":105,"column":25}},"23":{"start":{"line":106,"column":23},"end":{"line":108,"column":7}},"24":{"start":{"line":110,"column":27},"end":{"line":110,"column":73}},"25":{"start":{"line":110,"column":53},"end":{"line":110,"column":72}},"26":{"start":{"line":112,"column":6},"end":{"line":114,"column":7}},"27":{"start":{"line":113,"column":8},"end":{"line":113,"column":51}},"28":{"start":{"line":116,"column":6},"end":{"line":116,"column":32}},"29":{"start":{"line":117,"column":6},"end":{"line":127,"column":9}},"30":{"start":{"line":129,"column":6},"end":{"line":129,"column":67}},"31":{"start":{"line":130,"column":6},"end":{"line":130,"column":79}},"32":{"start":{"line":131,"column":6},"end":{"line":131,"column":26}},"33":{"start":{"line":133,"column":6},"end":{"line":133,"column":26}},"34":{"start":{"line":137,"column":2},"end":{"line":140,"column":19}},"35":{"start":{"line":138,"column":4},"end":{"line":138,"column":27}},"36":{"start":{"line":139,"column":4},"end":{"line":139,"column":21}},"37":{"start":{"line":142,"column":21},"end":{"line":157,"column":3}},"38":{"start":{"line":143,"column":4},"end":{"line":156,"column":5}},"39":{"start":{"line":144,"column":25},"end":{"line":144,"column":39}},"40":{"start":{"line":146,"column":6},"end":{"line":148,"column":7}},"41":{"start":{"line":147,"column":8},"end":{"line":147,"column":37}},"42":{"start":{"line":150,"column":6},"end":{"line":152,"column":9}},"43":{"start":{"line":154,"column":6},"end":{"line":154,"column":53}},"44":{"start":{"line":155,"column":6},"end":{"line":155,"column":35}},"45":{"start":{"line":159,"column":21},"end":{"line":198,"column":3}},"46":{"start":{"line":160,"column":4},"end":{"line":197,"column":5}},"47":{"start":{"line":161,"column":6},"end":{"line":161,"column":24}},"48":{"start":{"line":163,"column":6},"end":{"line":166,"column":7}},"49":{"start":{"line":164,"column":8},"end":{"line":164,"column":65}},"50":{"start":{"line":165,"column":8},"end":{"line":165,"column":15}},"51":{"start":{"line":168,"column":49},"end":{"line":176,"column":7}},"52":{"start":{"line":178,"column":6},"end":{"line":178,"column":75}},"53":{"start":{"line":179,"column":6},"end":{"line":179,"column":35}},"54":{"start":{"line":180,"column":6},"end":{"line":180,"column":26}},"55":{"start":{"line":181,"column":6},"end":{"line":181,"column":27}},"56":{"start":{"line":182,"column":6},"end":{"line":182,"column":52}},"57":{"start":{"line":182,"column":23},"end":{"line":182,"column":44}},"58":{"start":{"line":184,"column":6},"end":{"line":184,"column":58}},"59":{"start":{"line":185,"column":6},"end":{"line":194,"column":7}},"60":{"start":{"line":186,"column":8},"end":{"line":191,"column":10}},"61":{"start":{"line":193,"column":8},"end":{"line":193,"column":69}},"62":{"start":{"line":196,"column":6},"end":{"line":196,"column":25}},"63":{"start":{"line":200,"column":27},"end":{"line":215,"column":3}},"64":{"start":{"line":201,"column":4},"end":{"line":201,"column":24}},"65":{"start":{"line":202,"column":4},"end":{"line":214,"column":5}},"66":{"start":{"line":203,"column":6},"end":{"line":213,"column":9}},"67":{"start":{"line":217,"column":2},"end":{"line":223,"column":3}},"68":{"start":{"line":218,"column":4},"end":{"line":222,"column":6}},"69":{"start":{"line":225,"column":2},"end":{"line":438,"column":4}},"70":{"start":{"line":246,"column":35},"end":{"line":246,"column":53}},"71":{"start":{"line":296,"column":36},"end":{"line":296,"column":65}},"72":{"start":{"line":297,"column":22},"end":{"line":302,"column":23}},"73":{"start":{"line":298,"column":24},"end":{"line":301,"column":27}},"74":{"start":{"line":327,"column":36},"end":{"line":327,"column":70}},"75":{"start":{"line":328,"column":22},"end":{"line":333,"column":23}},"76":{"start":{"line":329,"column":24},"end":{"line":332,"column":27}},"77":{"start":{"line":358,"column":47},"end":{"line":361,"column":19}},"78":{"start":{"line":364,"column":34},"end":{"line":364,"column":78}},"79":{"start":{"line":365,"column":20},"end":{"line":371,"column":21}},"80":{"start":{"line":366,"column":22},"end":{"line":370,"column":26}},"81":{"start":{"line":366,"column":51},"end":{"line":370,"column":23}},"82":{"start":{"line":395,"column":18},"end":{"line":395,"column":76}},"83":{"start":{"line":425,"column":18},"end":{"line":430,"column":20}},"84":{"start":{"line":441,"column":15},"end":{"line":582,"column":2}}},"fnMap":{"0":{"name":"(anonymous_0)","decl":{"start":{"line":54,"column":71},"end":{"line":54,"column":72}},"loc":{"start":{"line":57,"column":6},"end":{"line":439,"column":1}},"line":57},"1":{"name":"(anonymous_1)","decl":{"start":{"line":92,"column":25},"end":{"line":92,"column":26}},"loc":{"start":{"line":92,"column":37},"end":{"line":101,"column":3}},"line":92},"2":{"name":"(anonymous_2)","decl":{"start":{"line":103,"column":31},"end":{"line":103,"column":32}},"loc":{"start":{"line":103,"column":43},"end":{"line":135,"column":3}},"line":103},"3":{"name":"(anonymous_3)","decl":{"start":{"line":110,"column":46},"end":{"line":110,"column":47}},"loc":{"start":{"line":110,"column":53},"end":{"line":110,"column":72}},"line":110},"4":{"name":"(anonymous_4)","decl":{"start":{"line":137,"column":12},"end":{"line":137,"column":13}},"loc":{"start":{"line":137,"column":18},"end":{"line":140,"column":3}},"line":137},"5":{"name":"(anonymous_5)","decl":{"start":{"line":142,"column":21},"end":{"line":142,"column":22}},"loc":{"start":{"line":142,"column":47},"end":{"line":157,"column":3}},"line":142},"6":{"name":"(anonymous_6)","decl":{"start":{"line":159,"column":21},"end":{"line":159,"column":22}},"loc":{"start":{"line":159,"column":33},"end":{"line":198,"column":3}},"line":159},"7":{"name":"(anonymous_7)","decl":{"start":{"line":182,"column":17},"end":{"line":182,"column":18}},"loc":{"start":{"line":182,"column":23},"end":{"line":182,"column":44}},"line":182},"8":{"name":"(anonymous_8)","decl":{"start":{"line":200,"column":27},"end":{"line":200,"column":28}},"loc":{"start":{"line":200,"column":33},"end":{"line":215,"column":3}},"line":200},"9":{"name":"(anonymous_9)","decl":{"start":{"line":246,"column":29},"end":{"line":246,"column":30}},"loc":{"start":{"line":246,"column":35},"end":{"line":246,"column":53}},"line":246},"10":{"name":"(anonymous_10)","decl":{"start":{"line":295,"column":30},"end":{"line":295,"column":31}},"loc":{"start":{"line":295,"column":44},"end":{"line":303,"column":21}},"line":295},"11":{"name":"(anonymous_11)","decl":{"start":{"line":326,"column":30},"end":{"line":326,"column":31}},"loc":{"start":{"line":326,"column":44},"end":{"line":334,"column":21}},"line":326},"12":{"name":"(anonymous_12)","decl":{"start":{"line":358,"column":39},"end":{"line":358,"column":40}},"loc":{"start":{"line":358,"column":47},"end":{"line":361,"column":19}},"line":358},"13":{"name":"(anonymous_13)","decl":{"start":{"line":363,"column":28},"end":{"line":363,"column":29}},"loc":{"start":{"line":363,"column":42},"end":{"line":372,"column":19}},"line":363},"14":{"name":"(anonymous_14)","decl":{"start":{"line":366,"column":40},"end":{"line":366,"column":41}},"loc":{"start":{"line":366,"column":51},"end":{"line":370,"column":23}},"line":366},"15":{"name":"(anonymous_15)","decl":{"start":{"line":394,"column":30},"end":{"line":394,"column":31}},"loc":{"start":{"line":395,"column":18},"end":{"line":395,"column":76}},"line":395},"16":{"name":"(anonymous_16)","decl":{"start":{"line":424,"column":36},"end":{"line":424,"column":37}},"loc":{"start":{"line":425,"column":18},"end":{"line":430,"column":20}},"line":425}},"branchMap":{"0":{"loc":{"start":{"line":112,"column":6},"end":{"line":114,"column":7}},"type":"if","locations":[{"start":{"line":112,"column":6},"end":{"line":114,"column":7}},{"start":{},"end":{}}],"line":112},"1":{"loc":{"start":{"line":123,"column":14},"end":{"line":123,"column":51}},"type":"binary-expr","locations":[{"start":{"line":123,"column":14},"end":{"line":123,"column":37}},{"start":{"line":123,"column":41},"end":{"line":123,"column":51}}],"line":123},"2":{"loc":{"start":{"line":124,"column":19},"end":{"line":124,"column":58}},"type":"binary-expr","locations":[{"start":{"line":124,"column":19},"end":{"line":124,"column":47}},{"start":{"line":124,"column":51},"end":{"line":124,"column":58}}],"line":124},"3":{"loc":{"start":{"line":125,"column":20},"end":{"line":125,"column":49}},"type":"binary-expr","locations":[{"start":{"line":125,"column":20},"end":{"line":125,"column":43}},{"start":{"line":125,"column":47},"end":{"line":125,"column":49}}],"line":125},"4":{"loc":{"start":{"line":126,"column":15},"end":{"line":126,"column":39}},"type":"binary-expr","locations":[{"start":{"line":126,"column":15},"end":{"line":126,"column":33}},{"start":{"line":126,"column":37},"end":{"line":126,"column":39}}],"line":126},"5":{"loc":{"start":{"line":146,"column":6},"end":{"line":148,"column":7}},"type":"if","locations":[{"start":{"line":146,"column":6},"end":{"line":148,"column":7}},{"start":{},"end":{}}],"line":146},"6":{"loc":{"start":{"line":163,"column":6},"end":{"line":166,"column":7}},"type":"if","locations":[{"start":{"line":163,"column":6},"end":{"line":166,"column":7}},{"start":{},"end":{}}],"line":163},"7":{"loc":{"start":{"line":163,"column":10},"end":{"line":163,"column":59}},"type":"binary-expr","locations":[{"start":{"line":163,"column":10},"end":{"line":163,"column":30}},{"start":{"line":163,"column":34},"end":{"line":163,"column":59}}],"line":163},"8":{"loc":{"start":{"line":172,"column":21},"end":{"line":172,"column":55}},"type":"binary-expr","locations":[{"start":{"line":172,"column":21},"end":{"line":172,"column":47}},{"start":{"line":172,"column":51},"end":{"line":172,"column":55}}],"line":172},"9":{"loc":{"start":{"line":185,"column":6},"end":{"line":194,"column":7}},"type":"if","locations":[{"start":{"line":185,"column":6},"end":{"line":194,"column":7}},{"start":{"line":192,"column":13},"end":{"line":194,"column":7}}],"line":185},"10":{"loc":{"start":{"line":185,"column":10},"end":{"line":185,"column":53}},"type":"binary-expr","locations":[{"start":{"line":185,"column":10},"end":{"line":185,"column":35}},{"start":{"line":185,"column":39},"end":{"line":185,"column":53}}],"line":185},"11":{"loc":{"start":{"line":189,"column":12},"end":{"line":189,"column":62}},"type":"binary-expr","locations":[{"start":{"line":189,"column":12},"end":{"line":189,"column":39}},{"start":{"line":189,"column":43},"end":{"line":189,"column":62}}],"line":189},"12":{"loc":{"start":{"line":202,"column":4},"end":{"line":214,"column":5}},"type":"if","locations":[{"start":{"line":202,"column":4},"end":{"line":214,"column":5}},{"start":{},"end":{}}],"line":202},"13":{"loc":{"start":{"line":217,"column":2},"end":{"line":223,"column":3}},"type":"if","locations":[{"start":{"line":217,"column":2},"end":{"line":223,"column":3}},{"start":{},"end":{}}],"line":217},"14":{"loc":{"start":{"line":217,"column":6},"end":{"line":217,"column":28}},"type":"binary-expr","locations":[{"start":{"line":217,"column":6},"end":{"line":217,"column":15}},{"start":{"line":217,"column":19},"end":{"line":217,"column":28}}],"line":217},"15":{"loc":{"start":{"line":228,"column":16},"end":{"line":228,"column":61}},"type":"cond-expr","locations":[{"start":{"line":228,"column":40},"end":{"line":228,"column":49}},{"start":{"line":228,"column":52},"end":{"line":228,"column":61}}],"line":228},"16":{"loc":{"start":{"line":241,"column":15},"end":{"line":273,"column":15}},"type":"cond-expr","locations":[{"start":{"line":242,"column":16},"end":{"line":250,"column":19}},{"start":{"line":252,"column":16},"end":{"line":272,"column":19}}],"line":241},"17":{"loc":{"start":{"line":259,"column":21},"end":{"line":263,"column":21}},"type":"cond-expr","locations":[{"start":{"line":260,"column":22},"end":{"line":260,"column":69}},{"start":{"line":262,"column":22},"end":{"line":262,"column":53}}],"line":259},"18":{"loc":{"start":{"line":277,"column":11},"end":{"line":281,"column":11}},"type":"binary-expr","locations":[{"start":{"line":277,"column":11},"end":{"line":277,"column":22}},{"start":{"line":278,"column":12},"end":{"line":280,"column":19}}],"line":277},"19":{"loc":{"start":{"line":288,"column":17},"end":{"line":314,"column":17}},"type":"cond-expr","locations":[{"start":{"line":289,"column":18},"end":{"line":309,"column":20}},{"start":{"line":311,"column":18},"end":{"line":313,"column":25}}],"line":288},"20":{"loc":{"start":{"line":297,"column":22},"end":{"line":302,"column":23}},"type":"if","locations":[{"start":{"line":297,"column":22},"end":{"line":302,"column":23}},{"start":{},"end":{}}],"line":297},"21":{"loc":{"start":{"line":312,"column":21},"end":{"line":312,"column":59}},"type":"binary-expr","locations":[{"start":{"line":312,"column":21},"end":{"line":312,"column":40}},{"start":{"line":312,"column":44},"end":{"line":312,"column":59}}],"line":312},"22":{"loc":{"start":{"line":319,"column":17},"end":{"line":345,"column":17}},"type":"cond-expr","locations":[{"start":{"line":320,"column":18},"end":{"line":340,"column":20}},{"start":{"line":342,"column":18},"end":{"line":344,"column":25}}],"line":319},"23":{"loc":{"start":{"line":328,"column":22},"end":{"line":333,"column":23}},"type":"if","locations":[{"start":{"line":328,"column":22},"end":{"line":333,"column":23}},{"start":{},"end":{}}],"line":328},"24":{"loc":{"start":{"line":343,"column":21},"end":{"line":343,"column":64}},"type":"binary-expr","locations":[{"start":{"line":343,"column":21},"end":{"line":343,"column":45}},{"start":{"line":343,"column":49},"end":{"line":343,"column":64}}],"line":343},"25":{"loc":{"start":{"line":350,"column":11},"end":{"line":385,"column":11}},"type":"binary-expr","locations":[{"start":{"line":350,"column":11},"end":{"line":350,"column":34}},{"start":{"line":351,"column":12},"end":{"line":384,"column":19}}],"line":350},"26":{"loc":{"start":{"line":353,"column":15},"end":{"line":383,"column":15}},"type":"cond-expr","locations":[{"start":{"line":354,"column":16},"end":{"line":378,"column":18}},{"start":{"line":380,"column":16},"end":{"line":382,"column":23}}],"line":353},"27":{"loc":{"start":{"line":357,"column":25},"end":{"line":357,"column":59}},"type":"binary-expr","locations":[{"start":{"line":357,"column":25},"end":{"line":357,"column":51}},{"start":{"line":357,"column":55},"end":{"line":357,"column":59}}],"line":357},"28":{"loc":{"start":{"line":364,"column":43},"end":{"line":364,"column":77}},"type":"binary-expr","locations":[{"start":{"line":364,"column":43},"end":{"line":364,"column":69}},{"start":{"line":364,"column":73},"end":{"line":364,"column":77}}],"line":364},"29":{"loc":{"start":{"line":365,"column":20},"end":{"line":371,"column":21}},"type":"if","locations":[{"start":{"line":365,"column":20},"end":{"line":371,"column":21}},{"start":{},"end":{}}],"line":365},"30":{"loc":{"start":{"line":381,"column":19},"end":{"line":381,"column":73}},"type":"binary-expr","locations":[{"start":{"line":381,"column":19},"end":{"line":381,"column":42}},{"start":{"line":381,"column":46},"end":{"line":381,"column":73}}],"line":381},"31":{"loc":{"start":{"line":389,"column":13},"end":{"line":405,"column":13}},"type":"cond-expr","locations":[{"start":{"line":390,"column":14},"end":{"line":400,"column":16}},{"start":{"line":402,"column":14},"end":{"line":404,"column":21}}],"line":389},"32":{"loc":{"start":{"line":403,"column":17},"end":{"line":403,"column":57}},"type":"binary-expr","locations":[{"start":{"line":403,"column":17},"end":{"line":403,"column":36}},{"start":{"line":403,"column":40},"end":{"line":403,"column":57}}],"line":403},"33":{"loc":{"start":{"line":408,"column":11},"end":{"line":434,"column":11}},"type":"binary-expr","locations":[{"start":{"line":408,"column":11},"end":{"line":408,"column":25}},{"start":{"line":408,"column":29},"end":{"line":408,"column":54}},{"start":{"line":409,"column":12},"end":{"line":433,"column":19}}],"line":408},"34":{"loc":{"start":{"line":415,"column":19},"end":{"line":415,"column":53}},"type":"binary-expr","locations":[{"start":{"line":415,"column":19},"end":{"line":415,"column":46}},{"start":{"line":415,"column":50},"end":{"line":415,"column":53}}],"line":415}},"s":{"0":1,"1":1,"2":47,"3":47,"4":47,"5":47,"6":47,"7":47,"8":47,"9":47,"10":47,"11":47,"12":47,"13":47,"14":47,"15":47,"16":6,"17":6,"18":6,"19":0,"20":47,"21":7,"22":7,"23":7,"24":7,"25":7,"26":7,"27":0,"28":7,"29":7,"30":0,"31":0,"32":0,"33":7,"34":47,"35":6,"36":6,"37":47,"38":26,"39":26,"40":0,"41":0,"42":0,"43":26,"44":26,"45":47,"46":2,"47":2,"48":2,"49":0,"50":0,"51":2,"52":2,"53":1,"54":1,"55":1,"56":1,"57":0,"58":1,"59":1,"60":0,"61":1,"62":2,"63":47,"64":1,"65":1,"66":1,"67":47,"68":21,"69":26,"70":4,"71":0,"72":0,"73":0,"74":0,"75":0,"76":0,"77":0,"78":0,"79":0,"80":0,"81":0,"82":2,"83":0,"84":1},"f":{"0":47,"1":6,"2":7,"3":7,"4":6,"5":26,"6":2,"7":0,"8":1,"9":4,"10":0,"11":0,"12":0,"13":0,"14":0,"15":2,"16":0},"b":{"0":[0,7],"1":[7,0],"2":[7,0],"3":[7,0],"4":[7,0],"5":[0,0],"6":[0,2],"7":[2,2],"8":[2,2],"9":[0,1],"10":[1,0],"11":[0,0],"12":[1,0],"13":[21,26],"14":[47,26],"15":[26,0],"16":[16,10],"17":[3,7],"18":[26,2],"19":[10,16],"20":[0,0],"21":[16,0],"22":[10,16],"23":[0,0],"24":[16,0],"25":[26,0],"26":[0,0],"27":[0,0],"28":[0,0],"29":[0,0],"30":[0,0],"31":[10,16],"32":[16,0],"33":[26,26,0],"34":[0,0]},"_coverageSchema":"1a1c01bbd47fc00a2c39e90264f33305004495a9","hash":"1a3f4fe2ea85b7fe7085a35c614efab1ec0a6358"}
,"/home/luis/projects/desafio-interset/src/screens/SharedListScreen.tsx": {"path":"/home/luis/projects/desafio-interset/src/screens/SharedListScreen.tsx","statementMap":{"0":{"start":{"line":29,"column":16},"end":{"line":29,"column":48}},"1":{"start":{"line":67,"column":58},"end":{"line":372,"column":1}},"2":{"start":{"line":68,"column":36},"end":{"line":70,"column":3}},"3":{"start":{"line":71,"column":40},"end":{"line":71,"column":52}},"4":{"start":{"line":72,"column":36},"end":{"line":72,"column":51}},"5":{"start":{"line":73,"column":36},"end":{"line":73,"column":51}},"6":{"start":{"line":74,"column":38},"end":{"line":74,"column":53}},"7":{"start":{"line":75,"column":32},"end":{"line":75,"column":54}},"8":{"start":{"line":76,"column":36},"end":{"line":76,"column":60}},"9":{"start":{"line":77,"column":48},"end":{"line":77,"column":70}},"10":{"start":{"line":78,"column":52},"end":{"line":78,"column":76}},"11":{"start":{"line":80,"column":28},"end":{"line":83,"column":3}},"12":{"start":{"line":81,"column":26},"end":{"line":81,"column":47}},"13":{"start":{"line":82,"column":4},"end":{"line":82,"column":45}},"14":{"start":{"line":85,"column":20},"end":{"line":104,"column":3}},"15":{"start":{"line":86,"column":4},"end":{"line":86,"column":23}},"16":{"start":{"line":87,"column":4},"end":{"line":103,"column":5}},"17":{"start":{"line":88,"column":6},"end":{"line":96,"column":7}},"18":{"start":{"line":89,"column":25},"end":{"line":89,"column":66}},"19":{"start":{"line":90,"column":8},"end":{"line":90,"column":34}},"20":{"start":{"line":91,"column":8},"end":{"line":91,"column":42}},"21":{"start":{"line":93,"column":25},"end":{"line":93,"column":67}},"22":{"start":{"line":94,"column":8},"end":{"line":94,"column":36}},"23":{"start":{"line":95,"column":8},"end":{"line":95,"column":44}},"24":{"start":{"line":98,"column":6},"end":{"line":98,"column":59}},"25":{"start":{"line":99,"column":6},"end":{"line":99,"column":71}},"26":{"start":{"line":101,"column":6},"end":{"line":101,"column":26}},"27":{"start":{"line":102,"column":6},"end":{"line":102,"column":27}},"28":{"start":{"line":106,"column":21},"end":{"line":131,"column":3}},"29":{"start":{"line":107,"column":18},"end":{"line":107,"column":43}},"30":{"start":{"line":109,"column":4},"end":{"line":130,"column":5}},"31":{"start":{"line":110,"column":6},"end":{"line":117,"column":8}},"32":{"start":{"line":113,"column":12},"end":{"line":115,"column":78}},"33":{"start":{"line":119,"column":6},"end":{"line":129,"column":8}},"34":{"start":{"line":122,"column":12},"end":{"line":127,"column":73}},"35":{"start":{"line":133,"column":24},"end":{"line":136,"column":3}},"36":{"start":{"line":134,"column":4},"end":{"line":134,"column":24}},"37":{"start":{"line":135,"column":4},"end":{"line":135,"column":16}},"38":{"start":{"line":138,"column":2},"end":{"line":141,"column":18}},"39":{"start":{"line":139,"column":4},"end":{"line":139,"column":24}},"40":{"start":{"line":140,"column":4},"end":{"line":140,"column":16}},"41":{"start":{"line":143,"column":2},"end":{"line":145,"column":20}},"42":{"start":{"line":144,"column":4},"end":{"line":144,"column":17}},"43":{"start":{"line":147,"column":2},"end":{"line":155,"column":30}},"44":{"start":{"line":148,"column":24},"end":{"line":152,"column":6}},"45":{"start":{"line":149,"column":6},"end":{"line":151,"column":7}},"46":{"start":{"line":150,"column":8},"end":{"line":150,"column":24}},"47":{"start":{"line":154,"column":4},"end":{"line":154,"column":23}},"48":{"start":{"line":157,"column":27},"end":{"line":184,"column":3}},"49":{"start":{"line":158,"column":4},"end":{"line":183,"column":23}},"50":{"start":{"line":186,"column":29},"end":{"line":237,"column":3}},"51":{"start":{"line":187,"column":4},"end":{"line":236,"column":23}},"52":{"start":{"line":191,"column":8},"end":{"line":191,"column":72}},"53":{"start":{"line":239,"column":25},"end":{"line":250,"column":3}},"54":{"start":{"line":240,"column":4},"end":{"line":249,"column":5}},"55":{"start":{"line":242,"column":8},"end":{"line":242,"column":25}},"56":{"start":{"line":244,"column":8},"end":{"line":244,"column":25}},"57":{"start":{"line":246,"column":8},"end":{"line":246,"column":25}},"58":{"start":{"line":248,"column":8},"end":{"line":248,"column":25}},"59":{"start":{"line":252,"column":2},"end":{"line":371,"column":4}},"60":{"start":{"line":273,"column":27},"end":{"line":273,"column":50}},"61":{"start":{"line":291,"column":27},"end":{"line":291,"column":52}},"62":{"start":{"line":323,"column":36},"end":{"line":323,"column":54}},"63":{"start":{"line":328,"column":14},"end":{"line":334,"column":21}},"64":{"start":{"line":342,"column":36},"end":{"line":342,"column":54}},"65":{"start":{"line":347,"column":14},"end":{"line":353,"column":21}},"66":{"start":{"line":362,"column":12},"end":{"line":364,"column":13}},"67":{"start":{"line":374,"column":15},"end":{"line":473,"column":2}}},"fnMap":{"0":{"name":"(anonymous_0)","decl":{"start":{"line":67,"column":58},"end":{"line":67,"column":59}},"loc":{"start":{"line":67,"column":78},"end":{"line":372,"column":1}},"line":67},"1":{"name":"(anonymous_1)","decl":{"start":{"line":80,"column":28},"end":{"line":80,"column":29}},"loc":{"start":{"line":80,"column":40},"end":{"line":83,"column":3}},"line":80},"2":{"name":"(anonymous_2)","decl":{"start":{"line":85,"column":20},"end":{"line":85,"column":21}},"loc":{"start":{"line":85,"column":32},"end":{"line":104,"column":3}},"line":85},"3":{"name":"(anonymous_3)","decl":{"start":{"line":106,"column":21},"end":{"line":106,"column":22}},"loc":{"start":{"line":106,"column":27},"end":{"line":131,"column":3}},"line":106},"4":{"name":"(anonymous_4)","decl":{"start":{"line":112,"column":10},"end":{"line":112,"column":11}},"loc":{"start":{"line":113,"column":12},"end":{"line":115,"column":78}},"line":113},"5":{"name":"(anonymous_5)","decl":{"start":{"line":121,"column":10},"end":{"line":121,"column":11}},"loc":{"start":{"line":122,"column":12},"end":{"line":127,"column":73}},"line":122},"6":{"name":"(anonymous_6)","decl":{"start":{"line":133,"column":24},"end":{"line":133,"column":25}},"loc":{"start":{"line":133,"column":30},"end":{"line":136,"column":3}},"line":133},"7":{"name":"(anonymous_7)","decl":{"start":{"line":138,"column":12},"end":{"line":138,"column":13}},"loc":{"start":{"line":138,"column":18},"end":{"line":141,"column":3}},"line":138},"8":{"name":"(anonymous_8)","decl":{"start":{"line":143,"column":12},"end":{"line":143,"column":13}},"loc":{"start":{"line":143,"column":18},"end":{"line":145,"column":3}},"line":143},"9":{"name":"(anonymous_9)","decl":{"start":{"line":147,"column":12},"end":{"line":147,"column":13}},"loc":{"start":{"line":147,"column":18},"end":{"line":155,"column":3}},"line":147},"10":{"name":"(anonymous_10)","decl":{"start":{"line":148,"column":56},"end":{"line":148,"column":57}},"loc":{"start":{"line":148,"column":62},"end":{"line":152,"column":5}},"line":148},"11":{"name":"(anonymous_11)","decl":{"start":{"line":157,"column":27},"end":{"line":157,"column":28}},"loc":{"start":{"line":158,"column":4},"end":{"line":183,"column":23}},"line":158},"12":{"name":"(anonymous_12)","decl":{"start":{"line":186,"column":29},"end":{"line":186,"column":30}},"loc":{"start":{"line":187,"column":4},"end":{"line":236,"column":23}},"line":187},"13":{"name":"(anonymous_13)","decl":{"start":{"line":190,"column":15},"end":{"line":190,"column":16}},"loc":{"start":{"line":191,"column":8},"end":{"line":191,"column":72}},"line":191},"14":{"name":"(anonymous_14)","decl":{"start":{"line":239,"column":25},"end":{"line":239,"column":26}},"loc":{"start":{"line":239,"column":77},"end":{"line":250,"column":3}},"line":239},"15":{"name":"(anonymous_15)","decl":{"start":{"line":273,"column":21},"end":{"line":273,"column":22}},"loc":{"start":{"line":273,"column":27},"end":{"line":273,"column":50}},"line":273},"16":{"name":"(anonymous_16)","decl":{"start":{"line":291,"column":21},"end":{"line":291,"column":22}},"loc":{"start":{"line":291,"column":27},"end":{"line":291,"column":52}},"line":291},"17":{"name":"(anonymous_17)","decl":{"start":{"line":323,"column":26},"end":{"line":323,"column":27}},"loc":{"start":{"line":323,"column":36},"end":{"line":323,"column":54}},"line":323},"18":{"name":"(anonymous_18)","decl":{"start":{"line":327,"column":32},"end":{"line":327,"column":33}},"loc":{"start":{"line":328,"column":14},"end":{"line":334,"column":21}},"line":328},"19":{"name":"(anonymous_19)","decl":{"start":{"line":342,"column":26},"end":{"line":342,"column":27}},"loc":{"start":{"line":342,"column":36},"end":{"line":342,"column":54}},"line":342},"20":{"name":"(anonymous_20)","decl":{"start":{"line":346,"column":32},"end":{"line":346,"column":33}},"loc":{"start":{"line":347,"column":14},"end":{"line":353,"column":21}},"line":347},"21":{"name":"(anonymous_21)","decl":{"start":{"line":361,"column":19},"end":{"line":361,"column":20}},"loc":{"start":{"line":362,"column":12},"end":{"line":364,"column":13}},"line":362}},"branchMap":{"0":{"loc":{"start":{"line":88,"column":6},"end":{"line":96,"column":7}},"type":"if","locations":[{"start":{"line":88,"column":6},"end":{"line":96,"column":7}},{"start":{"line":92,"column":13},"end":{"line":96,"column":7}}],"line":88},"1":{"loc":{"start":{"line":109,"column":4},"end":{"line":130,"column":5}},"type":"if","locations":[{"start":{"line":109,"column":4},"end":{"line":130,"column":5}},{"start":{"line":118,"column":11},"end":{"line":130,"column":5}}],"line":109},"2":{"loc":{"start":{"line":113,"column":12},"end":{"line":115,"column":78}},"type":"binary-expr","locations":[{"start":{"line":113,"column":12},"end":{"line":113,"column":53}},{"start":{"line":114,"column":13},"end":{"line":114,"column":25}},{"start":{"line":114,"column":29},"end":{"line":114,"column":71}},{"start":{"line":115,"column":13},"end":{"line":115,"column":28}},{"start":{"line":115,"column":32},"end":{"line":115,"column":77}}],"line":113},"3":{"loc":{"start":{"line":122,"column":12},"end":{"line":127,"column":73}},"type":"binary-expr","locations":[{"start":{"line":122,"column":13},"end":{"line":122,"column":32}},{"start":{"line":123,"column":14},"end":{"line":123,"column":63}},{"start":{"line":124,"column":13},"end":{"line":124,"column":36}},{"start":{"line":125,"column":14},"end":{"line":125,"column":66}},{"start":{"line":126,"column":13},"end":{"line":126,"column":42}},{"start":{"line":127,"column":14},"end":{"line":127,"column":72}}],"line":122},"4":{"loc":{"start":{"line":149,"column":6},"end":{"line":151,"column":7}},"type":"if","locations":[{"start":{"line":149,"column":6},"end":{"line":151,"column":7}},{"start":{},"end":{}}],"line":149},"5":{"loc":{"start":{"line":149,"column":10},"end":{"line":149,"column":62}},"type":"binary-expr","locations":[{"start":{"line":149,"column":10},"end":{"line":149,"column":33}},{"start":{"line":149,"column":37},"end":{"line":149,"column":62}}],"line":149},"6":{"loc":{"start":{"line":169,"column":9},"end":{"line":174,"column":9}},"type":"binary-expr","locations":[{"start":{"line":169,"column":9},"end":{"line":169,"column":19}},{"start":{"line":170,"column":10},"end":{"line":173,"column":17}}],"line":169},"7":{"loc":{"start":{"line":176,"column":9},"end":{"line":181,"column":9}},"type":"binary-expr","locations":[{"start":{"line":176,"column":9},"end":{"line":176,"column":22}},{"start":{"line":177,"column":10},"end":{"line":180,"column":17}}],"line":176},"8":{"loc":{"start":{"line":209,"column":15},"end":{"line":209,"column":59}},"type":"binary-expr","locations":[{"start":{"line":209,"column":15},"end":{"line":209,"column":40}},{"start":{"line":209,"column":44},"end":{"line":209,"column":59}}],"line":209},"9":{"loc":{"start":{"line":214,"column":9},"end":{"line":219,"column":9}},"type":"binary-expr","locations":[{"start":{"line":214,"column":9},"end":{"line":214,"column":28}},{"start":{"line":214,"column":32},"end":{"line":214,"column":51}},{"start":{"line":215,"column":10},"end":{"line":218,"column":17}}],"line":214},"10":{"loc":{"start":{"line":221,"column":9},"end":{"line":225,"column":9}},"type":"binary-expr","locations":[{"start":{"line":221,"column":9},"end":{"line":221,"column":24}},{"start":{"line":222,"column":10},"end":{"line":224,"column":17}}],"line":221},"11":{"loc":{"start":{"line":227,"column":9},"end":{"line":234,"column":9}},"type":"binary-expr","locations":[{"start":{"line":227,"column":9},"end":{"line":227,"column":34}},{"start":{"line":227,"column":38},"end":{"line":227,"column":59}},{"start":{"line":228,"column":10},"end":{"line":233,"column":17}}],"line":227},"12":{"loc":{"start":{"line":231,"column":43},"end":{"line":231,"column":77}},"type":"cond-expr","locations":[{"start":{"line":231,"column":69},"end":{"line":231,"column":72}},{"start":{"line":231,"column":75},"end":{"line":231,"column":77}}],"line":231},"13":{"loc":{"start":{"line":240,"column":4},"end":{"line":249,"column":5}},"type":"switch","locations":[{"start":{"line":241,"column":6},"end":{"line":242,"column":25}},{"start":{"line":243,"column":6},"end":{"line":244,"column":25}},{"start":{"line":245,"column":6},"end":{"line":246,"column":25}},{"start":{"line":247,"column":6},"end":{"line":248,"column":25}}],"line":240},"14":{"loc":{"start":{"line":262,"column":16},"end":{"line":262,"column":66}},"type":"cond-expr","locations":[{"start":{"line":262,"column":42},"end":{"line":262,"column":52}},{"start":{"line":262,"column":55},"end":{"line":262,"column":66}}],"line":262},"15":{"loc":{"start":{"line":272,"column":32},"end":{"line":272,"column":75}},"type":"binary-expr","locations":[{"start":{"line":272,"column":32},"end":{"line":272,"column":55}},{"start":{"line":272,"column":59},"end":{"line":272,"column":75}}],"line":272},"16":{"loc":{"start":{"line":277,"column":21},"end":{"line":277,"column":65}},"type":"cond-expr","locations":[{"start":{"line":277,"column":47},"end":{"line":277,"column":56}},{"start":{"line":277,"column":59},"end":{"line":277,"column":65}}],"line":277},"17":{"loc":{"start":{"line":282,"column":16},"end":{"line":282,"column":63}},"type":"binary-expr","locations":[{"start":{"line":282,"column":16},"end":{"line":282,"column":39}},{"start":{"line":282,"column":43},"end":{"line":282,"column":63}}],"line":282},"18":{"loc":{"start":{"line":290,"column":32},"end":{"line":290,"column":77}},"type":"binary-expr","locations":[{"start":{"line":290,"column":32},"end":{"line":290,"column":57}},{"start":{"line":290,"column":61},"end":{"line":290,"column":77}}],"line":290},"19":{"loc":{"start":{"line":295,"column":21},"end":{"line":295,"column":67}},"type":"cond-expr","locations":[{"start":{"line":295,"column":49},"end":{"line":295,"column":58}},{"start":{"line":295,"column":61},"end":{"line":295,"column":67}}],"line":295},"20":{"loc":{"start":{"line":300,"column":16},"end":{"line":300,"column":65}},"type":"binary-expr","locations":[{"start":{"line":300,"column":16},"end":{"line":300,"column":41}},{"start":{"line":300,"column":45},"end":{"line":300,"column":65}}],"line":300},"21":{"loc":{"start":{"line":308,"column":9},"end":{"line":314,"column":9}},"type":"binary-expr","locations":[{"start":{"line":308,"column":9},"end":{"line":308,"column":18}},{"start":{"line":309,"column":10},"end":{"line":313,"column":17}}],"line":308},"22":{"loc":{"start":{"line":316,"column":9},"end":{"line":356,"column":9}},"type":"cond-expr","locations":[{"start":{"line":317,"column":10},"end":{"line":317,"column":60}},{"start":{"line":318,"column":12},"end":{"line":356,"column":9}}],"line":316},"23":{"loc":{"start":{"line":318,"column":12},"end":{"line":356,"column":9}},"type":"cond-expr","locations":[{"start":{"line":319,"column":10},"end":{"line":336,"column":12}},{"start":{"line":338,"column":10},"end":{"line":355,"column":12}}],"line":318},"24":{"loc":{"start":{"line":330,"column":19},"end":{"line":332,"column":49}},"type":"cond-expr","locations":[{"start":{"line":331,"column":22},"end":{"line":331,"column":49}},{"start":{"line":332,"column":22},"end":{"line":332,"column":49}}],"line":330},"25":{"loc":{"start":{"line":349,"column":19},"end":{"line":351,"column":51}},"type":"cond-expr","locations":[{"start":{"line":350,"column":22},"end":{"line":350,"column":51}},{"start":{"line":351,"column":22},"end":{"line":351,"column":51}}],"line":349},"26":{"loc":{"start":{"line":363,"column":14},"end":{"line":363,"column":70}},"type":"cond-expr","locations":[{"start":{"line":363,"column":40},"end":{"line":363,"column":53}},{"start":{"line":363,"column":56},"end":{"line":363,"column":70}}],"line":363}},"s":{"0":1,"1":1,"2":112,"3":112,"4":112,"5":112,"6":112,"7":112,"8":112,"9":112,"10":112,"11":112,"12":13,"13":13,"14":112,"15":27,"16":27,"17":27,"18":19,"19":18,"20":18,"21":8,"22":8,"23":8,"24":1,"25":1,"26":27,"27":27,"28":112,"29":11,"30":11,"31":10,"32":2,"33":1,"34":1,"35":112,"36":14,"37":14,"38":112,"39":13,"40":13,"41":112,"42":11,"43":112,"44":13,"45":13,"46":13,"47":13,"48":112,"49":41,"50":112,"51":10,"52":0,"53":112,"54":10,"55":10,"56":0,"57":0,"58":0,"59":112,"60":0,"61":4,"62":52,"63":12,"64":14,"65":4,"66":1,"67":1},"f":{"0":112,"1":13,"2":27,"3":11,"4":2,"5":1,"6":14,"7":13,"8":11,"9":13,"10":13,"11":41,"12":10,"13":0,"14":10,"15":0,"16":4,"17":52,"18":12,"19":14,"20":4,"21":1},"b":{"0":[19,8],"1":[10,1],"2":[2,1,1,1,1],"3":[1,1,0,0,0,0],"4":[13,0],"5":[13,4],"6":[41,41],"7":[41,41],"8":[10,0],"9":[10,10,10],"10":[10,10],"11":[10,10,10],"12":[10,0],"13":[10,0,0,0],"14":[78,34],"15":[112,78],"16":[78,34],"17":[112,78],"18":[112,34],"19":[34,78],"20":[112,34],"21":[112,6],"22":[52,60],"23":[42,18],"24":[0,12],"25":[0,4],"26":[0,1]},"_coverageSchema":"1a1c01bbd47fc00a2c39e90264f33305004495a9","hash":"88e325d87fbcb045ba6a22bd2317f53bf6ae44b7"}
,"/home/luis/projects/desafio-interset/src/store/index.ts": {"path":"/home/luis/projects/desafio-interset/src/store/index.ts","statementMap":{"0":{"start":{"line":6,"column":21},"end":{"line":12,"column":2}}},"fnMap":{},"branchMap":{},"s":{"0":1},"f":{},"b":{},"_coverageSchema":"1a1c01bbd47fc00a2c39e90264f33305004495a9","hash":"4304a4577bc932e81af6c5032daca6c6aab89669"}
,"/home/luis/projects/desafio-interset/src/store/slice/authSlice.ts": {"path":"/home/luis/projects/desafio-interset/src/store/slice/authSlice.ts","statementMap":{"0":{"start":{"line":16,"column":32},"end":{"line":21,"column":1}},"1":{"start":{"line":23,"column":18},"end":{"line":51,"column":2}},"2":{"start":{"line":28,"column":6},"end":{"line":28,"column":29}},"3":{"start":{"line":29,"column":6},"end":{"line":29,"column":25}},"4":{"start":{"line":35,"column":6},"end":{"line":35,"column":30}},"5":{"start":{"line":36,"column":6},"end":{"line":36,"column":39}},"6":{"start":{"line":37,"column":6},"end":{"line":37,"column":41}},"7":{"start":{"line":38,"column":6},"end":{"line":38,"column":25}},"8":{"start":{"line":41,"column":6},"end":{"line":41,"column":30}},"9":{"start":{"line":42,"column":6},"end":{"line":42,"column":35}},"10":{"start":{"line":45,"column":6},"end":{"line":45,"column":24}},"11":{"start":{"line":46,"column":6},"end":{"line":46,"column":25}},"12":{"start":{"line":47,"column":6},"end":{"line":47,"column":25}},"13":{"start":{"line":48,"column":6},"end":{"line":48,"column":30}},"14":{"start":{"line":54,"column":2},"end":{"line":54,"column":19}}},"fnMap":{"0":{"name":"(anonymous_0)","decl":{"start":{"line":27,"column":16},"end":{"line":27,"column":17}},"loc":{"start":{"line":27,"column":27},"end":{"line":30,"column":5}},"line":27},"1":{"name":"(anonymous_1)","decl":{"start":{"line":31,"column":18},"end":{"line":31,"column":19}},"loc":{"start":{"line":34,"column":9},"end":{"line":39,"column":5}},"line":34},"2":{"name":"(anonymous_2)","decl":{"start":{"line":40,"column":18},"end":{"line":40,"column":19}},"loc":{"start":{"line":40,"column":60},"end":{"line":43,"column":5}},"line":40},"3":{"name":"(anonymous_3)","decl":{"start":{"line":44,"column":12},"end":{"line":44,"column":13}},"loc":{"start":{"line":44,"column":23},"end":{"line":49,"column":5}},"line":44}},"branchMap":{},"s":{"0":3,"1":3,"2":5,"3":5,"4":4,"5":4,"6":4,"7":4,"8":2,"9":2,"10":1,"11":1,"12":1,"13":1,"14":3},"f":{"0":5,"1":4,"2":2,"3":1},"b":{},"_coverageSchema":"1a1c01bbd47fc00a2c39e90264f33305004495a9","hash":"ed905e452ebebace369ea232f8311baa89487fc7"}
,"/home/luis/projects/desafio-interset/src/store/slice/clientsSlice.ts": {"path":"/home/luis/projects/desafio-interset/src/store/slice/clientsSlice.ts","statementMap":{"0":{"start":{"line":17,"column":35},"end":{"line":22,"column":1}},"1":{"start":{"line":24,"column":21},"end":{"line":45,"column":2}},"2":{"start":{"line":29,"column":6},"end":{"line":29,"column":29}},"3":{"start":{"line":30,"column":6},"end":{"line":30,"column":25}},"4":{"start":{"line":33,"column":6},"end":{"line":33,"column":30}},"5":{"start":{"line":34,"column":6},"end":{"line":34,"column":37}},"6":{"start":{"line":35,"column":6},"end":{"line":35,"column":48}},"7":{"start":{"line":38,"column":6},"end":{"line":38,"column":30}},"8":{"start":{"line":39,"column":6},"end":{"line":39,"column":35}},"9":{"start":{"line":42,"column":6},"end":{"line":42,"column":37}},"10":{"start":{"line":52,"column":4},"end":{"line":52,"column":24}}},"fnMap":{"0":{"name":"(anonymous_0)","decl":{"start":{"line":28,"column":23},"end":{"line":28,"column":24}},"loc":{"start":{"line":28,"column":34},"end":{"line":31,"column":5}},"line":28},"1":{"name":"(anonymous_1)","decl":{"start":{"line":32,"column":25},"end":{"line":32,"column":26}},"loc":{"start":{"line":32,"column":69},"end":{"line":36,"column":5}},"line":32},"2":{"name":"(anonymous_2)","decl":{"start":{"line":37,"column":25},"end":{"line":37,"column":26}},"loc":{"start":{"line":37,"column":67},"end":{"line":40,"column":5}},"line":37},"3":{"name":"(anonymous_3)","decl":{"start":{"line":41,"column":24},"end":{"line":41,"column":25}},"loc":{"start":{"line":41,"column":68},"end":{"line":43,"column":5}},"line":41}},"branchMap":{},"s":{"0":2,"1":2,"2":1,"3":1,"4":1,"5":1,"6":1,"7":1,"8":1,"9":1,"10":2},"f":{"0":1,"1":1,"2":1,"3":1},"b":{},"_coverageSchema":"1a1c01bbd47fc00a2c39e90264f33305004495a9","hash":"dd44bc0219f28942da5a9246b3606ea592604296"}
,"/home/luis/projects/desafio-interset/src/store/slice/inspectionSlice.ts": {"path":"/home/luis/projects/desafio-interset/src/store/slice/inspectionSlice.ts","statementMap":{"0":{"start":{"line":25,"column":37},"end":{"line":30,"column":1}},"1":{"start":{"line":32,"column":24},"end":{"line":50,"column":2}},"2":{"start":{"line":37,"column":6},"end":{"line":37,"column":29}},"3":{"start":{"line":38,"column":6},"end":{"line":38,"column":25}},"4":{"start":{"line":41,"column":6},"end":{"line":41,"column":30}},"5":{"start":{"line":42,"column":6},"end":{"line":42,"column":39}},"6":{"start":{"line":43,"column":6},"end":{"line":43,"column":48}},"7":{"start":{"line":46,"column":6},"end":{"line":46,"column":30}},"8":{"start":{"line":47,"column":6},"end":{"line":47,"column":35}},"9":{"start":{"line":56,"column":4},"end":{"line":56,"column":27}}},"fnMap":{"0":{"name":"(anonymous_0)","decl":{"start":{"line":36,"column":25},"end":{"line":36,"column":26}},"loc":{"start":{"line":36,"column":36},"end":{"line":39,"column":5}},"line":36},"1":{"name":"(anonymous_1)","decl":{"start":{"line":40,"column":27},"end":{"line":40,"column":28}},"loc":{"start":{"line":40,"column":73},"end":{"line":44,"column":5}},"line":40},"2":{"name":"(anonymous_2)","decl":{"start":{"line":45,"column":27},"end":{"line":45,"column":28}},"loc":{"start":{"line":45,"column":69},"end":{"line":48,"column":5}},"line":45}},"branchMap":{},"s":{"0":2,"1":2,"2":1,"3":1,"4":1,"5":1,"6":1,"7":1,"8":1,"9":2},"f":{"0":1,"1":1,"2":1},"b":{},"_coverageSchema":"1a1c01bbd47fc00a2c39e90264f33305004495a9","hash":"7369c0a74c7ca12cd3371304869ffd9241412732"}
,"/home/luis/projects/desafio-interset/src/types/api.ts": {"path":"/home/luis/projects/desafio-interset/src/types/api.ts","statementMap":{},"fnMap":{},"branchMap":{},"s":{},"f":{},"b":{}}
}
