TN:
SF:src/hooks/useAppDispatch.ts
FN:4,(anonymous_0)
FNF:1
FNH:1
FNDA:42,(anonymous_0)
DA:4,42
LF:1
LH:1
BRF:0
BRH:0
end_of_record
TN:
SF:src/hooks/useAppSelector.ts
FNF:0
FNH:0
DA:4,1
LF:1
LH:1
BRF:0
BRH:0
end_of_record
TN:
SF:src/navigation/AppNavigator.tsx
FN:22,(anonymous_0)
FNF:1
FNH:0
FNDA:0,(anonymous_0)
DA:20,0
DA:22,0
DA:23,0
LF:3
LH:0
BRF:0
BRH:0
end_of_record
TN:
SF:src/screens/LoginScreen.tsx
FN:48,(anonymous_0)
FN:53,(anonymous_1)
FN:55,(anonymous_2)
FN:65,(anonymous_3)
FNF:4
FNH:4
FNDA:25,(anonymous_0)
FNDA:40,(anonymous_1)
FNDA:5,(anonymous_2)
FNDA:4,(anonymous_3)
DA:21,1
DA:26,1
DA:48,1
DA:49,25
DA:50,25
DA:52,25
DA:53,40
DA:55,25
DA:56,5
DA:57,1
DA:58,1
DA:61,4
DA:62,4
DA:65,4
DA:67,4
DA:71,3
DA:77,3
DA:79,1
DA:80,1
DA:83,0
DA:84,0
DA:88,25
DA:139,1
LF:23
LH:21
BRDA:56,0,0,1
BRDA:56,0,1,4
BRDA:56,1,0,5
BRDA:56,1,1,4
BRDA:67,2,0,3
BRDA:67,2,1,1
BRDA:68,3,0,4
BRDA:68,3,1,3
BRDA:115,4,0,25
BRDA:115,4,1,4
BRDA:122,5,0,4
BRDA:122,5,1,21
BRF:12
BRH:12
end_of_record
TN:
SF:src/screens/NewClientScreen.tsx
FN:42,(anonymous_0)
FN:55,(anonymous_1)
FN:78,(anonymous_2)
FN:99,(anonymous_3)
FN:117,(anonymous_4)
FN:151,(anonymous_5)
FN:152,(anonymous_6)
FN:154,(anonymous_7)
FN:171,(anonymous_8)
FN:172,(anonymous_9)
FN:174,(anonymous_10)
FN:194,(anonymous_11)
FN:196,(anonymous_12)
FN:198,(anonymous_13)
FNF:14
FNH:11
FNDA:17,(anonymous_0)
FNDA:4,(anonymous_1)
FNDA:2,(anonymous_2)
FNDA:4,(anonymous_3)
FNDA:1,(anonymous_4)
FNDA:2,(anonymous_5)
FNDA:2,(anonymous_6)
FNDA:0,(anonymous_7)
FNDA:3,(anonymous_8)
FNDA:3,(anonymous_9)
FNDA:0,(anonymous_10)
FNDA:2,(anonymous_11)
FNDA:2,(anonymous_12)
FNDA:0,(anonymous_13)
DA:19,1
DA:42,1
DA:46,17
DA:47,17
DA:48,17
DA:53,17
DA:55,17
DA:56,4
DA:58,4
DA:59,2
DA:62,4
DA:63,1
DA:64,3
DA:65,1
DA:68,4
DA:69,2
DA:70,2
DA:71,0
DA:74,4
DA:75,4
DA:78,17
DA:79,2
DA:80,2
DA:82,2
DA:83,2
DA:87,0
DA:88,0
DA:92,0
DA:93,0
DA:96,2
DA:99,17
DA:100,4
DA:101,2
DA:102,2
DA:105,2
DA:106,2
DA:108,2
DA:114,1
DA:117,1
DA:121,1
DA:122,1
DA:127,2
DA:131,17
DA:152,2
DA:153,2
DA:154,0
DA:172,3
DA:173,3
DA:174,0
DA:195,2
DA:196,2
DA:197,2
DA:198,0
DA:231,1
LF:54
LH:46
BRDA:58,0,0,2
BRDA:58,0,1,2
BRDA:62,1,0,1
BRDA:62,1,1,3
BRDA:64,2,0,1
BRDA:64,2,1,2
BRDA:68,3,0,2
BRDA:68,3,1,2
BRDA:70,4,0,0
BRDA:70,4,1,2
BRDA:82,5,0,2
BRDA:82,5,1,0
BRDA:87,6,0,0
BRDA:87,6,1,0
BRDA:92,7,0,0
BRDA:92,7,1,0
BRDA:100,8,0,2
BRDA:100,8,1,2
BRDA:134,9,0,17
BRDA:134,9,1,0
BRDA:148,10,0,17
BRDA:148,10,1,2
BRDA:153,11,0,0
BRDA:153,11,1,2
BRDA:159,12,0,17
BRDA:159,12,1,2
BRDA:168,13,0,17
BRDA:168,13,1,2
BRDA:173,14,0,0
BRDA:173,14,1,3
BRDA:180,15,0,17
BRDA:180,15,1,2
BRDA:191,16,0,17
BRDA:191,16,1,2
BRDA:197,17,0,0
BRDA:197,17,1,2
BRDA:204,18,0,17
BRDA:204,18,1,2
BRDA:213,19,0,17
BRDA:213,19,1,2
BRDA:217,20,0,2
BRDA:217,20,1,15
BRF:42
BRH:32
end_of_record
TN:
SF:src/screens/NewInspectionScreen.tsx
FN:60,(anonymous_0)
FN:94,(anonymous_1)
FN:100,(anonymous_2)
FN:111,(anonymous_3)
FN:116,(anonymous_4)
FN:138,(anonymous_5)
FN:161,(anonymous_6)
FN:177,(anonymous_7)
FN:178,(anonymous_8)
FN:186,(anonymous_9)
FN:187,(anonymous_10)
FN:187,(anonymous_11)
FN:190,(anonymous_12)
FN:222,(anonymous_13)
FN:241,(anonymous_14)
FN:262,(anonymous_15)
FN:273,(anonymous_16)
FN:323,(anonymous_17)
FN:324,(anonymous_18)
FN:326,(anonymous_19)
FN:352,(anonymous_20)
FN:353,(anonymous_21)
FN:358,(anonymous_22)
FN:379,(anonymous_23)
FN:380,(anonymous_24)
FN:406,(anonymous_25)
FN:411,(anonymous_26)
FN:413,(anonymous_27)
FN:418,(anonymous_28)
FN:451,(anonymous_29)
FN:452,(anonymous_30)
FN:454,(anonymous_31)
FN:475,(anonymous_32)
FN:483,(anonymous_33)
FN:497,(anonymous_34)
FN:507,(anonymous_35)
FNF:36
FNH:0
FNDA:0,(anonymous_0)
FNDA:0,(anonymous_1)
FNDA:0,(anonymous_2)
FNDA:0,(anonymous_3)
FNDA:0,(anonymous_4)
FNDA:0,(anonymous_5)
FNDA:0,(anonymous_6)
FNDA:0,(anonymous_7)
FNDA:0,(anonymous_8)
FNDA:0,(anonymous_9)
FNDA:0,(anonymous_10)
FNDA:0,(anonymous_11)
FNDA:0,(anonymous_12)
FNDA:0,(anonymous_13)
FNDA:0,(anonymous_14)
FNDA:0,(anonymous_15)
FNDA:0,(anonymous_16)
FNDA:0,(anonymous_17)
FNDA:0,(anonymous_18)
FNDA:0,(anonymous_19)
FNDA:0,(anonymous_20)
FNDA:0,(anonymous_21)
FNDA:0,(anonymous_22)
FNDA:0,(anonymous_23)
FNDA:0,(anonymous_24)
FNDA:0,(anonymous_25)
FNDA:0,(anonymous_26)
FNDA:0,(anonymous_27)
FNDA:0,(anonymous_28)
FNDA:0,(anonymous_29)
FNDA:0,(anonymous_30)
FNDA:0,(anonymous_31)
FNDA:0,(anonymous_32)
FNDA:0,(anonymous_33)
FNDA:0,(anonymous_34)
FNDA:0,(anonymous_35)
DA:23,0
DA:60,0
DA:64,0
DA:65,0
DA:66,0
DA:74,0
DA:75,0
DA:76,0
DA:77,0
DA:78,0
DA:79,0
DA:80,0
DA:82,0
DA:88,0
DA:94,0
DA:95,0
DA:96,0
DA:97,0
DA:100,0
DA:101,0
DA:102,0
DA:105,0
DA:107,0
DA:111,0
DA:112,0
DA:113,0
DA:116,0
DA:117,0
DA:119,0
DA:120,0
DA:121,0
DA:128,0
DA:129,0
DA:130,0
DA:138,0
DA:139,0
DA:141,0
DA:142,0
DA:145,0
DA:146,0
DA:149,0
DA:150,0
DA:153,0
DA:154,0
DA:157,0
DA:158,0
DA:161,0
DA:162,0
DA:163,0
DA:176,0
DA:177,0
DA:178,0
DA:181,0
DA:182,0
DA:186,0
DA:187,0
DA:190,0
DA:191,0
DA:192,0
DA:193,0
DA:196,0
DA:197,0
DA:201,0
DA:204,0
DA:205,0
DA:207,0
DA:217,0
DA:219,0
DA:220,0
DA:222,0
DA:223,0
DA:224,0
DA:231,0
DA:232,0
DA:242,0
DA:248,0
DA:249,0
DA:250,0
DA:256,0
DA:262,0
DA:266,0
DA:270,0
DA:273,0
DA:277,0
DA:278,0
DA:279,0
DA:286,0
DA:292,0
DA:296,0
DA:324,0
DA:325,0
DA:326,0
DA:353,0
DA:357,0
DA:358,0
DA:380,0
DA:406,0
DA:412,0
DA:413,0
DA:417,0
DA:418,0
DA:452,0
DA:453,0
DA:454,0
DA:475,0
DA:483,0
DA:498,0
DA:507,0
DA:539,0
LF:109
LH:0
BRDA:117,0,0,0
BRDA:117,0,1,0
BRDA:120,1,0,0
BRDA:120,1,1,0
BRDA:129,2,0,0
BRDA:129,2,1,0
BRDA:141,3,0,0
BRDA:141,3,1,0
BRDA:145,4,0,0
BRDA:145,4,1,0
BRDA:149,5,0,0
BRDA:149,5,1,0
BRDA:149,6,0,0
BRDA:149,6,1,0
BRDA:153,7,0,0
BRDA:153,7,1,0
BRDA:161,8,0,0
BRDA:163,9,0,0
BRDA:163,9,1,0
BRDA:176,10,0,0
BRDA:176,10,1,0
BRDA:191,11,0,0
BRDA:191,11,1,0
BRDA:196,12,0,0
BRDA:196,12,1,0
BRDA:211,13,0,0
BRDA:211,13,1,0
BRDA:219,14,0,0
BRDA:219,14,1,0
BRDA:223,15,0,0
BRDA:223,15,1,0
BRDA:249,16,0,0
BRDA:249,16,1,0
BRDA:278,17,0,0
BRDA:278,17,1,0
BRDA:282,18,0,0
BRDA:282,18,1,0
BRDA:305,19,0,0
BRDA:305,19,1,0
BRDA:325,20,0,0
BRDA:325,20,1,0
BRDA:328,21,0,0
BRDA:328,21,1,0
BRDA:336,22,0,0
BRDA:336,22,1,0
BRDA:357,23,0,0
BRDA:357,23,1,0
BRDA:360,24,0,0
BRDA:360,24,1,0
BRDA:368,25,0,0
BRDA:368,25,1,0
BRDA:383,26,0,0
BRDA:383,26,1,0
BRDA:390,27,0,0
BRDA:390,27,1,0
BRDA:393,28,0,0
BRDA:393,28,1,0
BRDA:399,29,0,0
BRDA:399,29,1,0
BRDA:405,30,0,0
BRDA:405,30,1,0
BRDA:412,31,0,0
BRDA:412,31,1,0
BRDA:417,32,0,0
BRDA:417,32,1,0
BRDA:423,33,0,0
BRDA:423,33,1,0
BRDA:432,34,0,0
BRDA:432,34,1,0
BRDA:448,35,0,0
BRDA:448,35,1,0
BRDA:453,36,0,0
BRDA:453,36,1,0
BRDA:461,37,0,0
BRDA:461,37,1,0
BRDA:521,38,0,0
BRDA:521,38,1,0
BRDA:525,39,0,0
BRDA:525,39,1,0
BRF:79
BRH:0
end_of_record
TN:
SF:src/screens/ScreenInspectionDetails.tsx
FN:54,(anonymous_0)
FN:92,(anonymous_1)
FN:103,(anonymous_2)
FN:110,(anonymous_3)
FN:137,(anonymous_4)
FN:142,(anonymous_5)
FN:159,(anonymous_6)
FN:182,(anonymous_7)
FN:200,(anonymous_8)
FN:246,(anonymous_9)
FN:295,(anonymous_10)
FN:326,(anonymous_11)
FN:358,(anonymous_12)
FN:363,(anonymous_13)
FN:366,(anonymous_14)
FN:394,(anonymous_15)
FN:424,(anonymous_16)
FNF:17
FNH:10
FNDA:47,(anonymous_0)
FNDA:6,(anonymous_1)
FNDA:7,(anonymous_2)
FNDA:7,(anonymous_3)
FNDA:6,(anonymous_4)
FNDA:26,(anonymous_5)
FNDA:2,(anonymous_6)
FNDA:0,(anonymous_7)
FNDA:1,(anonymous_8)
FNDA:4,(anonymous_9)
FNDA:0,(anonymous_10)
FNDA:0,(anonymous_11)
FNDA:0,(anonymous_12)
FNDA:0,(anonymous_13)
FNDA:0,(anonymous_14)
FNDA:2,(anonymous_15)
FNDA:0,(anonymous_16)
DA:27,1
DA:54,1
DA:58,47
DA:59,47
DA:60,47
DA:61,47
DA:62,47
DA:63,47
DA:64,47
DA:75,47
DA:76,47
DA:77,47
DA:78,47
DA:80,47
DA:86,47
DA:92,47
DA:93,6
DA:94,6
DA:97,6
DA:99,0
DA:103,47
DA:104,7
DA:105,7
DA:106,7
DA:110,7
DA:112,7
DA:113,0
DA:116,7
DA:117,7
DA:129,0
DA:130,0
DA:131,0
DA:133,7
DA:137,47
DA:138,6
DA:139,6
DA:142,47
DA:143,26
DA:144,26
DA:146,0
DA:147,0
DA:150,0
DA:154,26
DA:155,26
DA:159,47
DA:160,2
DA:161,2
DA:163,2
DA:164,0
DA:165,0
DA:168,2
DA:178,2
DA:179,1
DA:180,1
DA:181,1
DA:182,1
DA:184,1
DA:185,1
DA:186,0
DA:193,1
DA:196,2
DA:200,47
DA:201,1
DA:202,1
DA:203,1
DA:217,47
DA:218,21
DA:225,26
DA:246,4
DA:296,0
DA:297,0
DA:298,0
DA:327,0
DA:328,0
DA:329,0
DA:358,0
DA:364,0
DA:365,0
DA:366,0
DA:395,2
DA:425,0
DA:441,1
LF:82
LH:60
BRDA:112,0,0,0
BRDA:112,0,1,7
BRDA:123,1,0,7
BRDA:123,1,1,0
BRDA:124,2,0,7
BRDA:124,2,1,0
BRDA:125,3,0,7
BRDA:125,3,1,0
BRDA:126,4,0,7
BRDA:126,4,1,0
BRDA:146,5,0,0
BRDA:146,5,1,0
BRDA:163,6,0,0
BRDA:163,6,1,2
BRDA:163,7,0,2
BRDA:163,7,1,2
BRDA:172,8,0,2
BRDA:172,8,1,2
BRDA:185,9,0,0
BRDA:185,9,1,1
BRDA:185,10,0,1
BRDA:185,10,1,0
BRDA:189,11,0,0
BRDA:189,11,1,0
BRDA:202,12,0,1
BRDA:202,12,1,0
BRDA:217,13,0,21
BRDA:217,13,1,26
BRDA:217,14,0,47
BRDA:217,14,1,26
BRDA:228,15,0,26
BRDA:228,15,1,0
BRDA:241,16,0,16
BRDA:241,16,1,10
BRDA:259,17,0,3
BRDA:259,17,1,7
BRDA:277,18,0,26
BRDA:277,18,1,2
BRDA:288,19,0,10
BRDA:288,19,1,16
BRDA:297,20,0,0
BRDA:297,20,1,0
BRDA:312,21,0,16
BRDA:312,21,1,0
BRDA:319,22,0,10
BRDA:319,22,1,16
BRDA:328,23,0,0
BRDA:328,23,1,0
BRDA:343,24,0,16
BRDA:343,24,1,0
BRDA:350,25,0,26
BRDA:350,25,1,0
BRDA:353,26,0,0
BRDA:353,26,1,0
BRDA:357,27,0,0
BRDA:357,27,1,0
BRDA:364,28,0,0
BRDA:364,28,1,0
BRDA:365,29,0,0
BRDA:365,29,1,0
BRDA:381,30,0,0
BRDA:381,30,1,0
BRDA:389,31,0,10
BRDA:389,31,1,16
BRDA:403,32,0,16
BRDA:403,32,1,0
BRDA:408,33,0,26
BRDA:408,33,1,26
BRDA:408,33,2,0
BRDA:415,34,0,0
BRDA:415,34,1,0
BRF:71
BRH:36
end_of_record
TN:
SF:src/screens/SharedListScreen.tsx
FN:67,(anonymous_0)
FN:80,(anonymous_1)
FN:85,(anonymous_2)
FN:89,(anonymous_3)
FN:94,(anonymous_4)
FN:115,(anonymous_5)
FN:121,(anonymous_6)
FN:130,(anonymous_7)
FN:142,(anonymous_8)
FN:147,(anonymous_9)
FN:176,(anonymous_10)
FN:180,(anonymous_11)
FN:229,(anonymous_12)
FN:263,(anonymous_13)
FN:281,(anonymous_14)
FN:313,(anonymous_15)
FN:317,(anonymous_16)
FN:332,(anonymous_17)
FN:336,(anonymous_18)
FN:351,(anonymous_19)
FNF:20
FNH:18
FNDA:104,(anonymous_0)
FNDA:14,(anonymous_1)
FNDA:12,(anonymous_2)
FNDA:14,(anonymous_3)
FNDA:15,(anonymous_4)
FNDA:12,(anonymous_5)
FNDA:2,(anonymous_6)
FNDA:1,(anonymous_7)
FNDA:1,(anonymous_8)
FNDA:23,(anonymous_9)
FNDA:6,(anonymous_10)
FNDA:0,(anonymous_11)
FNDA:6,(anonymous_12)
FNDA:0,(anonymous_13)
FNDA:4,(anonymous_14)
FNDA:33,(anonymous_15)
FNDA:12,(anonymous_16)
FNDA:10,(anonymous_17)
FNDA:4,(anonymous_18)
FNDA:1,(anonymous_19)
DA:29,1
DA:67,1
DA:68,104
DA:71,104
DA:72,104
DA:73,104
DA:74,104
DA:75,104
DA:76,104
DA:77,104
DA:78,104
DA:80,104
DA:81,14
DA:82,14
DA:85,104
DA:86,12
DA:89,104
DA:90,14
DA:91,14
DA:94,104
DA:95,15
DA:96,15
DA:97,15
DA:98,11
DA:99,10
DA:100,10
DA:102,4
DA:103,4
DA:104,4
DA:107,1
DA:108,1
DA:110,15
DA:111,15
DA:115,104
DA:116,12
DA:118,12
DA:119,11
DA:122,2
DA:128,1
DA:131,1
DA:142,104
DA:143,1
DA:144,1
DA:147,104
DA:148,23
DA:176,104
DA:177,6
DA:181,0
DA:229,104
DA:230,6
DA:232,6
DA:234,0
DA:236,0
DA:238,0
DA:242,104
DA:263,0
DA:281,4
DA:313,33
DA:318,12
DA:332,10
DA:337,4
DA:352,1
DA:364,1
LF:63
LH:58
BRDA:97,0,0,11
BRDA:97,0,1,4
BRDA:118,1,0,11
BRDA:118,1,1,1
BRDA:122,2,0,2
BRDA:122,2,1,1
BRDA:122,2,2,1
BRDA:122,2,3,1
BRDA:122,2,4,1
BRDA:131,3,0,1
BRDA:131,3,1,1
BRDA:131,3,2,0
BRDA:131,3,3,0
BRDA:131,3,4,0
BRDA:131,3,5,0
BRDA:159,4,0,23
BRDA:159,4,1,23
BRDA:166,5,0,23
BRDA:166,5,1,23
BRDA:199,6,0,6
BRDA:199,6,1,0
BRDA:204,7,0,6
BRDA:204,7,1,6
BRDA:204,7,2,6
BRDA:211,8,0,6
BRDA:211,8,1,6
BRDA:217,9,0,6
BRDA:217,9,1,6
BRDA:217,9,2,6
BRDA:221,10,0,6
BRDA:221,10,1,0
BRDA:230,11,0,6
BRDA:230,11,1,0
BRDA:230,11,2,0
BRDA:230,11,3,0
BRDA:252,12,0,74
BRDA:252,12,1,30
BRDA:262,13,0,104
BRDA:262,13,1,74
BRDA:267,14,0,74
BRDA:267,14,1,30
BRDA:272,15,0,104
BRDA:272,15,1,74
BRDA:280,16,0,104
BRDA:280,16,1,30
BRDA:285,17,0,30
BRDA:285,17,1,74
BRDA:290,18,0,104
BRDA:290,18,1,30
BRDA:298,19,0,104
BRDA:298,19,1,5
BRDA:306,20,0,56
BRDA:306,20,1,48
BRDA:308,21,0,34
BRDA:308,21,1,14
BRDA:320,22,0,0
BRDA:320,22,1,12
BRDA:339,23,0,0
BRDA:339,23,1,4
BRDA:353,24,0,0
BRDA:353,24,1,1
BRF:61
BRH:49
end_of_record
TN:
SF:src/store/index.ts
FNF:0
FNH:0
DA:6,1
LF:1
LH:1
BRF:0
BRH:0
end_of_record
TN:
SF:src/store/slice/authSlice.ts
FN:27,(anonymous_0)
FN:31,(anonymous_1)
FN:40,(anonymous_2)
FN:44,(anonymous_3)
FNF:4
FNH:4
FNDA:5,(anonymous_0)
FNDA:4,(anonymous_1)
FNDA:2,(anonymous_2)
FNDA:1,(anonymous_3)
DA:16,3
DA:23,3
DA:28,5
DA:29,5
DA:35,4
DA:36,4
DA:37,4
DA:38,4
DA:41,2
DA:42,2
DA:45,1
DA:46,1
DA:47,1
DA:48,1
DA:54,3
LF:15
LH:15
BRF:0
BRH:0
end_of_record
TN:
SF:src/store/slice/clientsSlice.ts
FN:28,(anonymous_0)
FN:32,(anonymous_1)
FN:37,(anonymous_2)
FN:41,(anonymous_3)
FNF:4
FNH:4
FNDA:1,(anonymous_0)
FNDA:1,(anonymous_1)
FNDA:1,(anonymous_2)
FNDA:1,(anonymous_3)
DA:17,2
DA:24,2
DA:29,1
DA:30,1
DA:33,1
DA:34,1
DA:35,1
DA:38,1
DA:39,1
DA:42,1
DA:52,2
LF:11
LH:11
BRF:0
BRH:0
end_of_record
TN:
SF:src/store/slice/inspectionSlice.ts
FN:36,(anonymous_0)
FN:40,(anonymous_1)
FN:45,(anonymous_2)
FNF:3
FNH:3
FNDA:1,(anonymous_0)
FNDA:1,(anonymous_1)
FNDA:1,(anonymous_2)
DA:25,2
DA:32,2
DA:37,1
DA:38,1
DA:41,1
DA:42,1
DA:43,1
DA:46,1
DA:47,1
DA:56,2
LF:10
LH:10
BRF:0
BRH:0
end_of_record
TN:
SF:src/types/api.ts
FNF:0
FNH:0
LF:0
LH:0
BRF:0
BRH:0
end_of_record
